<?xml version="1.0" encoding="UTF-8" standalone="yes"?><!DOCTYPE report PUBLIC "-//JACOCO//DTD Report 1.1//EN" "report.dtd"><report name="tmdb-java-client"><sessioninfo id="Andrews-Mini.localdomain-f4c966f8" start="1763405035005" dump="1763405036992"/><package name="com/amilesend/tmdb/client/model/discover"><class name="com/amilesend/tmdb/client/model/discover/DiscoverMoviesResponse$DiscoverMoviesResponseBuilder" sourcefilename="DiscoverMoviesResponse.java"/><class name="com/amilesend/tmdb/client/model/discover/DiscoverTvRequest" sourcefilename="DiscoverTvRequest.java"><method name="populateQueryParameters" desc="(Lokhttp3/HttpUrl$Builder;)Lokhttp3/HttpUrl$Builder;" line="89"><counter type="INSTRUCTION" missed="0" covered="76"/><counter type="LINE" missed="0" covered="14"/><counter type="COMPLEXITY" missed="0" covered="1"/><counter type="METHOD" missed="0" covered="1"/></method><counter type="INSTRUCTION" missed="0" covered="76"/><counter type="LINE" missed="0" covered="14"/><counter type="COMPLEXITY" missed="0" covered="1"/><counter type="METHOD" missed="0" covered="1"/><counter type="CLASS" missed="0" covered="1"/></class><class name="com/amilesend/tmdb/client/model/discover/DiscoverTvRequest$DiscoverTvRequestBuilder" sourcefilename="DiscoverTvRequest.java"/><class name="com/amilesend/tmdb/client/model/discover/DiscoverMoviesResponse$DiscoverMoviesResponseBuilderImpl" sourcefilename="DiscoverMoviesResponse.java"/><class name="com/amilesend/tmdb/client/model/discover/DiscoverTvResponse$DiscoverTvResponseBuilder" sourcefilename="DiscoverTvResponse.java"/><class name="com/amilesend/tmdb/client/model/discover/DiscoverMoviesRequest$DiscoverMoviesRequestBuilder" sourcefilename="DiscoverMoviesRequest.java"/><class name="com/amilesend/tmdb/client/model/discover/DiscoverMoviesRequest" sourcefilename="DiscoverMoviesRequest.java"><method name="populateQueryParameters" desc="(Lokhttp3/HttpUrl$Builder;)Lokhttp3/HttpUrl$Builder;" line="86"><counter type="INSTRUCTION" missed="0" covered="85"/><counter type="BRANCH" missed="1" covered="1"/><counter type="LINE" missed="0" covered="16"/><counter type="COMPLEXITY" missed="1" covered="1"/><counter type="METHOD" missed="0" covered="1"/></method><counter type="INSTRUCTION" missed="0" covered="85"/><counter type="BRANCH" missed="1" covered="1"/><counter type="LINE" missed="0" covered="16"/><counter type="COMPLEXITY" missed="1" covered="1"/><counter type="METHOD" missed="0" covered="1"/><counter type="CLASS" missed="0" covered="1"/></class><class name="com/amilesend/tmdb/client/model/discover/DiscoverTvResponse" sourcefilename="DiscoverTvResponse.java"/><class name="com/amilesend/tmdb/client/model/discover/DiscoverMoviesRequest$DiscoverMoviesRequestBuilderImpl" sourcefilename="DiscoverMoviesRequest.java"/><class name="com/amilesend/tmdb/client/model/discover/DiscoverMoviesResponse" sourcefilename="DiscoverMoviesResponse.java"/><class name="com/amilesend/tmdb/client/model/discover/DiscoverTvRequest$DiscoverTvRequestBuilderImpl" sourcefilename="DiscoverTvRequest.java"/><class name="com/amilesend/tmdb/client/model/discover/DiscoverTvResponse$DiscoverTvResponseBuilderImpl" sourcefilename="DiscoverTvResponse.java"/><sourcefile name="DiscoverMoviesRequest.java"><line nr="86" mi="0" ci="4" mb="0" cb="0"/><line nr="87" mi="0" ci="4" mb="0" cb="0"/><line nr="89" mi="0" ci="4" mb="1" cb="1"/><line nr="90" mi="0" ci="5" mb="0" cb="0"/><line nr="93" mi="0" ci="6" mb="0" cb="0"/><line nr="94" mi="0" ci="6" mb="0" cb="0"/><line nr="95" mi="0" ci="6" mb="0" cb="0"/><line nr="96" mi="0" ci="6" mb="0" cb="0"/><line nr="97" mi="0" ci="6" mb="0" cb="0"/><line nr="98" mi="0" ci="6" mb="0" cb="0"/><line nr="99" mi="0" ci="6" mb="0" cb="0"/><line nr="100" mi="0" ci="6" mb="0" cb="0"/><line nr="101" mi="0" ci="6" mb="0" cb="0"/><line nr="102" mi="0" ci="6" mb="0" cb="0"/><line nr="103" mi="0" ci="6" mb="0" cb="0"/><line nr="105" mi="0" ci="2" mb="0" cb="0"/><counter type="INSTRUCTION" missed="0" covered="85"/><counter type="BRANCH" missed="1" covered="1"/><counter type="LINE" missed="0" covered="16"/><counter type="COMPLEXITY" missed="1" covered="1"/><counter type="METHOD" missed="0" covered="1"/><counter type="CLASS" missed="0" covered="1"/></sourcefile><sourcefile name="DiscoverTvResponse.java"/><sourcefile name="DiscoverTvRequest.java"><line nr="89" mi="0" ci="4" mb="0" cb="0"/><line nr="90" mi="0" ci="4" mb="0" cb="0"/><line nr="92" mi="0" ci="6" mb="0" cb="0"/><line nr="93" mi="0" ci="6" mb="0" cb="0"/><line nr="94" mi="0" ci="6" mb="0" cb="0"/><line nr="95" mi="0" ci="6" mb="0" cb="0"/><line nr="96" mi="0" ci="6" mb="0" cb="0"/><line nr="97" mi="0" ci="6" mb="0" cb="0"/><line nr="98" mi="0" ci="6" mb="0" cb="0"/><line nr="99" mi="0" ci="6" mb="0" cb="0"/><line nr="100" mi="0" ci="6" mb="0" cb="0"/><line nr="101" mi="0" ci="6" mb="0" cb="0"/><line nr="102" mi="0" ci="6" mb="0" cb="0"/><line nr="104" mi="0" ci="2" mb="0" cb="0"/><counter type="INSTRUCTION" missed="0" covered="76"/><counter type="LINE" missed="0" covered="14"/><counter type="COMPLEXITY" missed="0" covered="1"/><counter type="METHOD" missed="0" covered="1"/><counter type="CLASS" missed="0" covered="1"/></sourcefile><sourcefile name="DiscoverMoviesResponse.java"/><counter type="INSTRUCTION" missed="0" covered="161"/><counter type="BRANCH" missed="1" covered="1"/><counter type="LINE" missed="0" covered="30"/><counter type="COMPLEXITY" missed="1" covered="2"/><counter type="METHOD" missed="0" covered="2"/><counter type="CLASS" missed="0" covered="2"/></package><package name="com/amilesend/tmdb/client/model/people/type"><class name="com/amilesend/tmdb/client/model/people/type/PersonIdRequestBase$PersonIdRequestBaseBuilder" sourcefilename="PersonIdRequestBase.java"/><class name="com/amilesend/tmdb/client/model/people/type/MovieCrewCredit$MovieCrewCreditBuilder" sourcefilename="MovieCrewCredit.java"/><class name="com/amilesend/tmdb/client/model/people/type/PersonIdAndLanguageRequestBase" sourcefilename="PersonIdAndLanguageRequestBase.java"><method name="populateQueryParameters" desc="(Lokhttp3/HttpUrl$Builder;)Lokhttp3/HttpUrl$Builder;" line="46"><counter type="INSTRUCTION" missed="0" covered="14"/><counter type="LINE" missed="0" covered="3"/><counter type="COMPLEXITY" missed="0" covered="1"/><counter type="METHOD" missed="0" covered="1"/></method><counter type="INSTRUCTION" missed="0" covered="14"/><counter type="LINE" missed="0" covered="3"/><counter type="COMPLEXITY" missed="0" covered="1"/><counter type="METHOD" missed="0" covered="1"/><counter type="CLASS" missed="0" covered="1"/></class><class name="com/amilesend/tmdb/client/model/people/type/TvCastCredit$TvCastCreditBuilderImpl" sourcefilename="TvCastCredit.java"/><class name="com/amilesend/tmdb/client/model/people/type/TvCastCredit" sourcefilename="TvCastCredit.java"/><class name="com/amilesend/tmdb/client/model/people/type/MovieCastCredit$MovieCastCreditBuilder" sourcefilename="MovieCastCredit.java"/><class name="com/amilesend/tmdb/client/model/people/type/TvCrewCredit" sourcefilename="TvCrewCredit.java"/><class name="com/amilesend/tmdb/client/model/people/type/PersonIdAndLanguageRequestBase$PersonIdAndLanguageRequestBaseBuilderImpl" sourcefilename="PersonIdAndLanguageRequestBase.java"/><class name="com/amilesend/tmdb/client/model/people/type/CombinedCrewCredit" sourcefilename="CombinedCrewCredit.java"/><class name="com/amilesend/tmdb/client/model/people/type/TvCrewCredit$TvCrewCreditBuilderImpl" sourcefilename="TvCrewCredit.java"/><class name="com/amilesend/tmdb/client/model/people/type/CombinedCrewCredit$CombinedCrewCreditBuilder" sourcefilename="CombinedCrewCredit.java"/><class name="com/amilesend/tmdb/client/model/people/type/MovieCastCredit$MovieCastCreditBuilderImpl" sourcefilename="MovieCastCredit.java"/><class name="com/amilesend/tmdb/client/model/people/type/MovieCrewCredit" sourcefilename="MovieCrewCredit.java"/><class name="com/amilesend/tmdb/client/model/people/type/MovieCrewCredit$MovieCrewCreditBuilderImpl" sourcefilename="MovieCrewCredit.java"/><class name="com/amilesend/tmdb/client/model/people/type/CombinedCastCredit$CombinedCastCreditBuilderImpl" sourcefilename="CombinedCastCredit.java"/><class name="com/amilesend/tmdb/client/model/people/type/PersonIdRequestBase$PersonIdRequestBaseBuilderImpl" sourcefilename="PersonIdRequestBase.java"/><class name="com/amilesend/tmdb/client/model/people/type/PersonTranslationsData" sourcefilename="PersonTranslationsData.java"/><class name="com/amilesend/tmdb/client/model/people/type/CombinedCrewCredit$CombinedCrewCreditBuilderImpl" sourcefilename="CombinedCrewCredit.java"/><class name="com/amilesend/tmdb/client/model/people/type/MovieCastCredit" sourcefilename="MovieCastCredit.java"/><class name="com/amilesend/tmdb/client/model/people/type/PersonTranslationsData$PersonTranslationsDataBuilder" sourcefilename="PersonTranslationsData.java"/><class name="com/amilesend/tmdb/client/model/people/type/PersonIdAndLanguageRequestBase$PersonIdAndLanguageRequestBaseBuilder" sourcefilename="PersonIdAndLanguageRequestBase.java"/><class name="com/amilesend/tmdb/client/model/people/type/PersonIdRequestBase" sourcefilename="PersonIdRequestBase.java"><method name="populateQueryParameters" desc="(Lokhttp3/HttpUrl$Builder;)Lokhttp3/HttpUrl$Builder;" line="41"><counter type="INSTRUCTION" missed="1" covered="9"/><counter type="BRANCH" missed="1" covered="1"/><counter type="LINE" missed="0" covered="2"/><counter type="COMPLEXITY" missed="1" covered="1"/><counter type="METHOD" missed="0" covered="1"/></method><counter type="INSTRUCTION" missed="1" covered="9"/><counter type="BRANCH" missed="1" covered="1"/><counter type="LINE" missed="0" covered="2"/><counter type="COMPLEXITY" missed="1" covered="1"/><counter type="METHOD" missed="0" covered="1"/><counter type="CLASS" missed="0" covered="1"/></class><class name="com/amilesend/tmdb/client/model/people/type/TvCastCredit$TvCastCreditBuilder" sourcefilename="TvCastCredit.java"/><class name="com/amilesend/tmdb/client/model/people/type/CombinedCastCredit" sourcefilename="CombinedCastCredit.java"/><class name="com/amilesend/tmdb/client/model/people/type/CombinedCastCredit$CombinedCastCreditBuilder" sourcefilename="CombinedCastCredit.java"/><class name="com/amilesend/tmdb/client/model/people/type/TvCrewCredit$TvCrewCreditBuilder" sourcefilename="TvCrewCredit.java"/><sourcefile name="PersonIdAndLanguageRequestBase.java"><line nr="46" mi="0" ci="4" mb="0" cb="0"/><line nr="47" mi="0" ci="4" mb="0" cb="0"/><line nr="48" mi="0" ci="6" mb="0" cb="0"/><counter type="INSTRUCTION" missed="0" covered="14"/><counter type="LINE" missed="0" covered="3"/><counter type="COMPLEXITY" missed="0" covered="1"/><counter type="METHOD" missed="0" covered="1"/><counter type="CLASS" missed="0" covered="1"/></sourcefile><sourcefile name="CombinedCastCredit.java"/><sourcefile name="TvCrewCredit.java"/><sourcefile name="PersonIdRequestBase.java"><line nr="41" mi="1" ci="7" mb="1" cb="1"/><line nr="42" mi="0" ci="2" mb="0" cb="0"/><counter type="INSTRUCTION" missed="1" covered="9"/><counter type="BRANCH" missed="1" covered="1"/><counter type="LINE" missed="0" covered="2"/><counter type="COMPLEXITY" missed="1" covered="1"/><counter type="METHOD" missed="0" covered="1"/><counter type="CLASS" missed="0" covered="1"/></sourcefile><sourcefile name="TvCastCredit.java"/><sourcefile name="PersonTranslationsData.java"/><sourcefile name="CombinedCrewCredit.java"/><sourcefile name="MovieCrewCredit.java"/><sourcefile name="MovieCastCredit.java"/><counter type="INSTRUCTION" missed="1" covered="23"/><counter type="BRANCH" missed="1" covered="1"/><counter type="LINE" missed="0" covered="5"/><counter type="COMPLEXITY" missed="1" covered="2"/><counter type="METHOD" missed="0" covered="2"/><counter type="CLASS" missed="0" covered="2"/></package><package name="com/amilesend/tmdb/client/model/collection/type"><class name="com/amilesend/tmdb/client/model/collection/type/CollectionTranslationData$CollectionTranslationDataBuilder" sourcefilename="CollectionTranslationData.java"/><class name="com/amilesend/tmdb/client/model/collection/type/CollectionPart$CollectionPartBuilderImpl" sourcefilename="CollectionPart.java"/><class name="com/amilesend/tmdb/client/model/collection/type/CollectionPart$CollectionPartBuilder" sourcefilename="CollectionPart.java"/><class name="com/amilesend/tmdb/client/model/collection/type/CollectionTranslationData" sourcefilename="CollectionTranslationData.java"/><class name="com/amilesend/tmdb/client/model/collection/type/CollectionBasedRequest" sourcefilename="CollectionBasedRequest.java"><method name="validateCollectionId" desc="()V" line="38"><counter type="INSTRUCTION" missed="1" covered="8"/><counter type="BRANCH" missed="1" covered="1"/><counter type="LINE" missed="0" covered="2"/><counter type="COMPLEXITY" missed="1" covered="1"/><counter type="METHOD" missed="0" covered="1"/></method><counter type="INSTRUCTION" missed="1" covered="8"/><counter type="BRANCH" missed="1" covered="1"/><counter type="LINE" missed="0" covered="2"/><counter type="COMPLEXITY" missed="1" covered="1"/><counter type="METHOD" missed="0" covered="1"/><counter type="CLASS" missed="0" covered="1"/></class><class name="com/amilesend/tmdb/client/model/collection/type/CollectionPart" sourcefilename="CollectionPart.java"/><sourcefile name="CollectionBasedRequest.java"><line nr="38" mi="1" ci="7" mb="1" cb="1"/><line nr="39" mi="0" ci="1" mb="0" cb="0"/><counter type="INSTRUCTION" missed="1" covered="8"/><counter type="BRANCH" missed="1" covered="1"/><counter type="LINE" missed="0" covered="2"/><counter type="COMPLEXITY" missed="1" covered="1"/><counter type="METHOD" missed="0" covered="1"/><counter type="CLASS" missed="0" covered="1"/></sourcefile><sourcefile name="CollectionTranslationData.java"/><sourcefile name="CollectionPart.java"/><counter type="INSTRUCTION" missed="1" covered="8"/><counter type="BRANCH" missed="1" covered="1"/><counter type="LINE" missed="0" covered="2"/><counter type="COMPLEXITY" missed="1" covered="1"/><counter type="METHOD" missed="0" covered="1"/><counter type="CLASS" missed="0" covered="1"/></package><package name="com/amilesend/tmdb/client/model/tv/seasons/type"><class name="com/amilesend/tmdb/client/model/tv/seasons/type/EpisodeChangeDescriptor" sourcefilename="EpisodeChangeDescriptor.java"/><class name="com/amilesend/tmdb/client/model/tv/seasons/type/AggregateCrewCredit$AggregateCrewCreditBuilderImpl" sourcefilename="AggregateCrewCredit.java"/><class name="com/amilesend/tmdb/client/model/tv/seasons/type/AggregateCrewCredit" sourcefilename="AggregateCrewCredit.java"/><class name="com/amilesend/tmdb/client/model/tv/seasons/type/Job$JobBuilder" sourcefilename="Job.java"/><class name="com/amilesend/tmdb/client/model/tv/seasons/type/Role$RoleBuilder" sourcefilename="Role.java"/><class name="com/amilesend/tmdb/client/model/tv/seasons/type/AggregateCastCredit$AggregateCastCreditBuilderImpl" sourcefilename="AggregateCastCredit.java"/><class name="com/amilesend/tmdb/client/model/tv/seasons/type/Role" sourcefilename="Role.java"/><class name="com/amilesend/tmdb/client/model/tv/seasons/type/SeasonRequestBase" sourcefilename="SeasonRequestBase.java"><method name="populateQueryParameters" desc="(Lokhttp3/HttpUrl$Builder;)Lokhttp3/HttpUrl$Builder;" line="47"><counter type="INSTRUCTION" missed="2" covered="16"/><counter type="BRANCH" missed="2" covered="2"/><counter type="LINE" missed="0" covered="3"/><counter type="COMPLEXITY" missed="2" covered="1"/><counter type="METHOD" missed="0" covered="1"/></method><counter type="INSTRUCTION" missed="2" covered="16"/><counter type="BRANCH" missed="2" covered="2"/><counter type="LINE" missed="0" covered="3"/><counter type="COMPLEXITY" missed="2" covered="1"/><counter type="METHOD" missed="0" covered="1"/><counter type="CLASS" missed="0" covered="1"/></class><class name="com/amilesend/tmdb/client/model/tv/seasons/type/TvSeason$TvSeasonBuilderImpl" sourcefilename="TvSeason.java"/><class name="com/amilesend/tmdb/client/model/tv/seasons/type/SeasonRequestBase$SeasonRequestBaseBuilderImpl" sourcefilename="SeasonRequestBase.java"/><class name="com/amilesend/tmdb/client/model/tv/seasons/type/AggregateCastCredit$AggregateCastCreditBuilder" sourcefilename="AggregateCastCredit.java"/><class name="com/amilesend/tmdb/client/model/tv/seasons/type/Job" sourcefilename="Job.java"/><class name="com/amilesend/tmdb/client/model/tv/seasons/type/TvSeason" sourcefilename="TvSeason.java"/><class name="com/amilesend/tmdb/client/model/tv/seasons/type/TvSeason$TvSeasonBuilder" sourcefilename="TvSeason.java"/><class name="com/amilesend/tmdb/client/model/tv/seasons/type/TvSeasonTranslationData$TvSeasonTranslationDataBuilder" sourcefilename="TvSeasonTranslationData.java"/><class name="com/amilesend/tmdb/client/model/tv/seasons/type/EpisodeChangeDescriptor$EpisodeChangeDescriptorBuilder" sourcefilename="EpisodeChangeDescriptor.java"/><class name="com/amilesend/tmdb/client/model/tv/seasons/type/SeasonRequestBase$SeasonRequestBaseBuilder" sourcefilename="SeasonRequestBase.java"/><class name="com/amilesend/tmdb/client/model/tv/seasons/type/AggregateCrewCredit$AggregateCrewCreditBuilder" sourcefilename="AggregateCrewCredit.java"/><class name="com/amilesend/tmdb/client/model/tv/seasons/type/TvSeasonTranslationData" sourcefilename="TvSeasonTranslationData.java"/><class name="com/amilesend/tmdb/client/model/tv/seasons/type/AggregateCastCredit" sourcefilename="AggregateCastCredit.java"/><sourcefile name="SeasonRequestBase.java"><line nr="47" mi="1" ci="7" mb="1" cb="1"/><line nr="48" mi="1" ci="7" mb="1" cb="1"/><line nr="49" mi="0" ci="2" mb="0" cb="0"/><counter type="INSTRUCTION" missed="2" covered="16"/><counter type="BRANCH" missed="2" covered="2"/><counter type="LINE" missed="0" covered="3"/><counter type="COMPLEXITY" missed="2" covered="1"/><counter type="METHOD" missed="0" covered="1"/><counter type="CLASS" missed="0" covered="1"/></sourcefile><sourcefile name="Role.java"/><sourcefile name="TvSeason.java"/><sourcefile name="TvSeasonTranslationData.java"/><sourcefile name="AggregateCastCredit.java"/><sourcefile name="AggregateCrewCredit.java"/><sourcefile name="Job.java"/><sourcefile name="EpisodeChangeDescriptor.java"/><counter type="INSTRUCTION" missed="2" covered="16"/><counter type="BRANCH" missed="2" covered="2"/><counter type="LINE" missed="0" covered="3"/><counter type="COMPLEXITY" missed="2" covered="1"/><counter type="METHOD" missed="0" covered="1"/><counter type="CLASS" missed="0" covered="1"/></package><package name="com/amilesend/tmdb/client/model/movie/list/type"><class name="com/amilesend/tmdb/client/model/movie/list/type/MoveListRequestBase" sourcefilename="MoveListRequestBase.java"><method name="populateQueryParameters" desc="(Lokhttp3/HttpUrl$Builder;)Lokhttp3/HttpUrl$Builder;" line="49"><counter type="INSTRUCTION" missed="0" covered="24"/><counter type="LINE" missed="0" covered="5"/><counter type="COMPLEXITY" missed="0" covered="1"/><counter type="METHOD" missed="0" covered="1"/></method><counter type="INSTRUCTION" missed="0" covered="24"/><counter type="LINE" missed="0" covered="5"/><counter type="COMPLEXITY" missed="0" covered="1"/><counter type="METHOD" missed="0" covered="1"/><counter type="CLASS" missed="0" covered="1"/></class><class name="com/amilesend/tmdb/client/model/movie/list/type/MoveListRequestBase$MoveListRequestBaseBuilder" sourcefilename="MoveListRequestBase.java"/><class name="com/amilesend/tmdb/client/model/movie/list/type/DateRange$DateRangeBuilder" sourcefilename="DateRange.java"/><class name="com/amilesend/tmdb/client/model/movie/list/type/DateRange" sourcefilename="DateRange.java"/><sourcefile name="DateRange.java"/><sourcefile name="MoveListRequestBase.java"><line nr="49" mi="0" ci="4" mb="0" cb="0"/><line nr="50" mi="0" ci="6" mb="0" cb="0"/><line nr="51" mi="0" ci="6" mb="0" cb="0"/><line nr="52" mi="0" ci="6" mb="0" cb="0"/><line nr="54" mi="0" ci="2" mb="0" cb="0"/><counter type="INSTRUCTION" missed="0" covered="24"/><counter type="LINE" missed="0" covered="5"/><counter type="COMPLEXITY" missed="0" covered="1"/><counter type="METHOD" missed="0" covered="1"/><counter type="CLASS" missed="0" covered="1"/></sourcefile><counter type="INSTRUCTION" missed="0" covered="24"/><counter type="LINE" missed="0" covered="5"/><counter type="COMPLEXITY" missed="0" covered="1"/><counter type="METHOD" missed="0" covered="1"/><counter type="CLASS" missed="0" covered="1"/></package><package name="com/amilesend/tmdb/client/model/tv/series"><class name="com/amilesend/tmdb/client/model/tv/series/GetWatchProvidersResponse$GetWatchProvidersResponseBuilder" sourcefilename="GetWatchProvidersResponse.java"/><class name="com/amilesend/tmdb/client/model/tv/series/GetChangesRequest" sourcefilename="GetChangesRequest.java"><method name="populateQueryParameters" desc="(Lokhttp3/HttpUrl$Builder;)Lokhttp3/HttpUrl$Builder;" line="45"><counter type="INSTRUCTION" missed="1" covered="15"/><counter type="BRANCH" missed="1" covered="1"/><counter type="LINE" missed="0" covered="3"/><counter type="COMPLEXITY" missed="1" covered="1"/><counter type="METHOD" missed="0" covered="1"/></method><counter type="INSTRUCTION" missed="1" covered="15"/><counter type="BRANCH" missed="1" covered="1"/><counter type="LINE" missed="0" covered="3"/><counter type="COMPLEXITY" missed="1" covered="1"/><counter type="METHOD" missed="0" covered="1"/><counter type="CLASS" missed="0" covered="1"/></class><class name="com/amilesend/tmdb/client/model/tv/series/GetScreenedTheatricallyResponse$GetScreenedTheatricallyResponseBuilderImpl" sourcefilename="GetScreenedTheatricallyResponse.java"/><class name="com/amilesend/tmdb/client/model/tv/series/GetExternalIdsRequest" sourcefilename="GetExternalIdsRequest.java"/><class name="com/amilesend/tmdb/client/model/tv/series/GetAccountStatesRequest" sourcefilename="GetAccountStatesRequest.java"><method name="populateQueryParameters" desc="(Lokhttp3/HttpUrl$Builder;)Lokhttp3/HttpUrl$Builder;" line="49"><counter type="INSTRUCTION" missed="0" covered="22"/><counter type="LINE" missed="0" covered="5"/><counter type="COMPLEXITY" missed="0" covered="1"/><counter type="METHOD" missed="0" covered="1"/></method><counter type="INSTRUCTION" missed="0" covered="22"/><counter type="LINE" missed="0" covered="5"/><counter type="COMPLEXITY" missed="0" covered="1"/><counter type="METHOD" missed="0" covered="1"/><counter type="CLASS" missed="0" covered="1"/></class><class name="com/amilesend/tmdb/client/model/tv/series/GetRecommendationsResponse$GetRecommendationsResponseBuilder" sourcefilename="GetRecommendationsResponse.java"/><class name="com/amilesend/tmdb/client/model/tv/series/GetRecommendationsRequest$GetRecommendationsRequestBuilderImpl" sourcefilename="GetRecommendationsRequest.java"/><class name="com/amilesend/tmdb/client/model/tv/series/GetAccountStatesRequest$GetAccountStatesRequestBuilder" sourcefilename="GetAccountStatesRequest.java"/><class name="com/amilesend/tmdb/client/model/tv/series/GetExternalIdsRequest$GetExternalIdsRequestBuilder" sourcefilename="GetExternalIdsRequest.java"/><class name="com/amilesend/tmdb/client/model/tv/series/GetRecommendationsRequest$GetRecommendationsRequestBuilder" sourcefilename="GetRecommendationsRequest.java"/><class name="com/amilesend/tmdb/client/model/tv/series/GetVideosRequest$GetVideosRequestBuilder" sourcefilename="GetVideosRequest.java"/><class name="com/amilesend/tmdb/client/model/tv/series/GetVideosRequest" sourcefilename="GetVideosRequest.java"><method name="populateQueryParameters" desc="(Lokhttp3/HttpUrl$Builder;)Lokhttp3/HttpUrl$Builder;" line="49"><counter type="INSTRUCTION" missed="0" covered="22"/><counter type="LINE" missed="0" covered="5"/><counter type="COMPLEXITY" missed="0" covered="1"/><counter type="METHOD" missed="0" covered="1"/></method><counter type="INSTRUCTION" missed="0" covered="22"/><counter type="LINE" missed="0" covered="5"/><counter type="COMPLEXITY" missed="0" covered="1"/><counter type="METHOD" missed="0" covered="1"/><counter type="CLASS" missed="0" covered="1"/></class><class name="com/amilesend/tmdb/client/model/tv/series/GetContentRatingsRequest" sourcefilename="GetContentRatingsRequest.java"/><class name="com/amilesend/tmdb/client/model/tv/series/GetKeywordsResponse" sourcefilename="GetKeywordsResponse.java"/><class name="com/amilesend/tmdb/client/model/tv/series/GetImagesRequest$GetImagesRequestBuilder" sourcefilename="GetImagesRequest.java"/><class name="com/amilesend/tmdb/client/model/tv/series/DeleteRatingResponse$DeleteRatingResponseBuilderImpl" sourcefilename="DeleteRatingResponse.java"/><class name="com/amilesend/tmdb/client/model/tv/series/GetAccountStatesResponse$GetAccountStatesResponseBuilderImpl" sourcefilename="GetAccountStatesResponse.java"/><class name="com/amilesend/tmdb/client/model/tv/series/GetAlternativeTitlesResponse" sourcefilename="GetAlternativeTitlesResponse.java"/><class name="com/amilesend/tmdb/client/model/tv/series/GetAggregateCreditsRequest" sourcefilename="GetAggregateCreditsRequest.java"><method name="populateQueryParameters" desc="(Lokhttp3/HttpUrl$Builder;)Lokhttp3/HttpUrl$Builder;" line="46"><counter type="INSTRUCTION" missed="0" covered="14"/><counter type="LINE" missed="0" covered="3"/><counter type="COMPLEXITY" missed="0" covered="1"/><counter type="METHOD" missed="0" covered="1"/></method><counter type="INSTRUCTION" missed="0" covered="14"/><counter type="LINE" missed="0" covered="3"/><counter type="COMPLEXITY" missed="0" covered="1"/><counter type="METHOD" missed="0" covered="1"/><counter type="CLASS" missed="0" covered="1"/></class><class name="com/amilesend/tmdb/client/model/tv/series/GetListsResponse$GetListsResponseBuilder" sourcefilename="GetListsResponse.java"/><class name="com/amilesend/tmdb/client/model/tv/series/GetTranslationsRequest$GetTranslationsRequestBuilder" sourcefilename="GetTranslationsRequest.java"/><class name="com/amilesend/tmdb/client/model/tv/series/GetSeriesDetailsResponse$GetSeriesDetailsResponseBuilderImpl" sourcefilename="GetSeriesDetailsResponse.java"/><class name="com/amilesend/tmdb/client/model/tv/series/GetCreditsResponse$GetCreditsResponseBuilderImpl" sourcefilename="GetCreditsResponse.java"/><class name="com/amilesend/tmdb/client/model/tv/series/GetScreenedTheatricallyRequest$GetScreenedTheatricallyRequestBuilder" sourcefilename="GetScreenedTheatricallyRequest.java"/><class name="com/amilesend/tmdb/client/model/tv/series/GetListsRequest" sourcefilename="GetListsRequest.java"/><class name="com/amilesend/tmdb/client/model/tv/series/GetAccountStatesResponse" sourcefilename="GetAccountStatesResponse.java"/><class name="com/amilesend/tmdb/client/model/tv/series/GetContentRatingsResponse$GetContentRatingsResponseBuilder" sourcefilename="GetContentRatingsResponse.java"/><class name="com/amilesend/tmdb/client/model/tv/series/GetEpisodeGroupsResponse" sourcefilename="GetEpisodeGroupsResponse.java"/><class name="com/amilesend/tmdb/client/model/tv/series/GetExternalIdsResponse$GetExternalIdsResponseBuilderImpl" sourcefilename="GetExternalIdsResponse.java"/><class name="com/amilesend/tmdb/client/model/tv/series/GetContentRatingsResponse$GetContentRatingsResponseBuilderImpl" sourcefilename="GetContentRatingsResponse.java"/><class name="com/amilesend/tmdb/client/model/tv/series/AddRatingRequest" sourcefilename="AddRatingRequest.java"><method name="populateQueryParameters" desc="(Lokhttp3/HttpUrl$Builder;)Lokhttp3/HttpUrl$Builder;" line="61"><counter type="INSTRUCTION" missed="0" covered="18"/><counter type="LINE" missed="0" covered="5"/><counter type="COMPLEXITY" missed="0" covered="1"/><counter type="METHOD" missed="0" covered="1"/></method><counter type="INSTRUCTION" missed="0" covered="18"/><counter type="LINE" missed="0" covered="5"/><counter type="COMPLEXITY" missed="0" covered="1"/><counter type="METHOD" missed="0" covered="1"/><counter type="CLASS" missed="0" covered="1"/></class><class name="com/amilesend/tmdb/client/model/tv/series/GetChangesResponse$GetChangesResponseBuilderImpl" sourcefilename="GetChangesResponse.java"/><class name="com/amilesend/tmdb/client/model/tv/series/GetImagesResponse$GetImagesResponseBuilderImpl" sourcefilename="GetImagesResponse.java"/><class name="com/amilesend/tmdb/client/model/tv/series/AddRatingRequest$AddRatingRequestBuilder" sourcefilename="AddRatingRequest.java"/><class name="com/amilesend/tmdb/client/model/tv/series/GetKeywordsRequest$GetKeywordsRequestBuilderImpl" sourcefilename="GetKeywordsRequest.java"/><class name="com/amilesend/tmdb/client/model/tv/series/GetAggregateCreditsResponse$GetAggregateCreditsResponseBuilderImpl" sourcefilename="GetAggregateCreditsResponse.java"/><class name="com/amilesend/tmdb/client/model/tv/series/GetAlternativeTitlesResponse$GetAlternativeTitlesResponseBuilderImpl" sourcefilename="GetAlternativeTitlesResponse.java"/><class name="com/amilesend/tmdb/client/model/tv/series/GetRecommendationsResponse" sourcefilename="GetRecommendationsResponse.java"/><class name="com/amilesend/tmdb/client/model/tv/series/GetExternalIdsResponse" sourcefilename="GetExternalIdsResponse.java"/><class name="com/amilesend/tmdb/client/model/tv/series/GetSeriesDetailsResponse$GetSeriesDetailsResponseBuilder" sourcefilename="GetSeriesDetailsResponse.java"/><class name="com/amilesend/tmdb/client/model/tv/series/GetTranslationsRequest$GetTranslationsRequestBuilderImpl" sourcefilename="GetTranslationsRequest.java"/><class name="com/amilesend/tmdb/client/model/tv/series/GetReviewsRequest$GetReviewsRequestBuilderImpl" sourcefilename="GetReviewsRequest.java"/><class name="com/amilesend/tmdb/client/model/tv/series/GetAccountStatesResponse$GetAccountStatesResponseBuilder" sourcefilename="GetAccountStatesResponse.java"/><class name="com/amilesend/tmdb/client/model/tv/series/GetReviewsResponse$GetReviewsResponseBuilder" sourcefilename="GetReviewsResponse.java"/><class name="com/amilesend/tmdb/client/model/tv/series/GetExternalIdsRequest$GetExternalIdsRequestBuilderImpl" sourcefilename="GetExternalIdsRequest.java"/><class name="com/amilesend/tmdb/client/model/tv/series/GetExternalIdsResponse$GetExternalIdsResponseBuilder" sourcefilename="GetExternalIdsResponse.java"/><class name="com/amilesend/tmdb/client/model/tv/series/GetKeywordsResponse$GetKeywordsResponseBuilder" sourcefilename="GetKeywordsResponse.java"/><class name="com/amilesend/tmdb/client/model/tv/series/GetCreditsRequest$GetCreditsRequestBuilderImpl" sourcefilename="GetCreditsRequest.java"/><class name="com/amilesend/tmdb/client/model/tv/series/GetAggregateCreditsRequest$GetAggregateCreditsRequestBuilder" sourcefilename="GetAggregateCreditsRequest.java"/><class name="com/amilesend/tmdb/client/model/tv/series/GetSimilarResponse$GetSimilarResponseBuilderImpl" sourcefilename="GetSimilarResponse.java"/><class name="com/amilesend/tmdb/client/model/tv/series/GetAccountStatesRequest$GetAccountStatesRequestBuilderImpl" sourcefilename="GetAccountStatesRequest.java"/><class name="com/amilesend/tmdb/client/model/tv/series/GetAggregateCreditsResponse" sourcefilename="GetAggregateCreditsResponse.java"/><class name="com/amilesend/tmdb/client/model/tv/series/GetVideosResponse$GetVideosResponseBuilderImpl" sourcefilename="GetVideosResponse.java"/><class name="com/amilesend/tmdb/client/model/tv/series/GetAggregateCreditsRequest$GetAggregateCreditsRequestBuilderImpl" sourcefilename="GetAggregateCreditsRequest.java"/><class name="com/amilesend/tmdb/client/model/tv/series/DeleteRatingRequest$DeleteRatingRequestBuilderImpl" sourcefilename="DeleteRatingRequest.java"/><class name="com/amilesend/tmdb/client/model/tv/series/GetAlternativeTitlesResponse$GetAlternativeTitlesResponseBuilder" sourcefilename="GetAlternativeTitlesResponse.java"/><class name="com/amilesend/tmdb/client/model/tv/series/GetChangesResponse" sourcefilename="GetChangesResponse.java"/><class name="com/amilesend/tmdb/client/model/tv/series/GetCreditsResponse$GetCreditsResponseBuilder" sourcefilename="GetCreditsResponse.java"/><class name="com/amilesend/tmdb/client/model/tv/series/GetImagesResponse" sourcefilename="GetImagesResponse.java"/><class name="com/amilesend/tmdb/client/model/tv/series/GetListsRequest$GetListsRequestBuilder" sourcefilename="GetListsRequest.java"/><class name="com/amilesend/tmdb/client/model/tv/series/GetVideosRequest$GetVideosRequestBuilderImpl" sourcefilename="GetVideosRequest.java"/><class name="com/amilesend/tmdb/client/model/tv/series/GetScreenedTheatricallyResponse$GetScreenedTheatricallyResponseBuilder" sourcefilename="GetScreenedTheatricallyResponse.java"/><class name="com/amilesend/tmdb/client/model/tv/series/GetSimilarRequest$GetSimilarRequestBuilder" sourcefilename="GetSimilarRequest.java"/><class name="com/amilesend/tmdb/client/model/tv/series/GetScreenedTheatricallyRequest" sourcefilename="GetScreenedTheatricallyRequest.java"/><class name="com/amilesend/tmdb/client/model/tv/series/GetWatchProvidersRequest$GetWatchProvidersRequestBuilder" sourcefilename="GetWatchProvidersRequest.java"/><class name="com/amilesend/tmdb/client/model/tv/series/DeleteRatingRequest" sourcefilename="DeleteRatingRequest.java"><method name="populateQueryParameters" desc="(Lokhttp3/HttpUrl$Builder;)Lokhttp3/HttpUrl$Builder;" line="51"><counter type="INSTRUCTION" missed="0" covered="16"/><counter type="LINE" missed="0" covered="4"/><counter type="COMPLEXITY" missed="0" covered="1"/><counter type="METHOD" missed="0" covered="1"/></method><counter type="INSTRUCTION" missed="0" covered="16"/><counter type="LINE" missed="0" covered="4"/><counter type="COMPLEXITY" missed="0" covered="1"/><counter type="METHOD" missed="0" covered="1"/><counter type="CLASS" missed="0" covered="1"/></class><class name="com/amilesend/tmdb/client/model/tv/series/GetSeriesDetailsRequest" sourcefilename="GetSeriesDetailsRequest.java"><method name="populateQueryParameters" desc="(Lokhttp3/HttpUrl$Builder;)Lokhttp3/HttpUrl$Builder;" line="46"><counter type="INSTRUCTION" missed="0" covered="14"/><counter type="LINE" missed="0" covered="3"/><counter type="COMPLEXITY" missed="0" covered="1"/><counter type="METHOD" missed="0" covered="1"/></method><counter type="INSTRUCTION" missed="0" covered="14"/><counter type="LINE" missed="0" covered="3"/><counter type="COMPLEXITY" missed="0" covered="1"/><counter type="METHOD" missed="0" covered="1"/><counter type="CLASS" missed="0" covered="1"/></class><class name="com/amilesend/tmdb/client/model/tv/series/GetEpisodeGroupsRequest$GetEpisodeGroupsRequestBuilder" sourcefilename="GetEpisodeGroupsRequest.java"/><class name="com/amilesend/tmdb/client/model/tv/series/GetReviewsRequest" sourcefilename="GetReviewsRequest.java"/><class name="com/amilesend/tmdb/client/model/tv/series/GetAlternativeTitlesRequest$GetAlternativeTitlesRequestBuilder" sourcefilename="GetAlternativeTitlesRequest.java"/><class name="com/amilesend/tmdb/client/model/tv/series/GetRecommendationsResponse$GetRecommendationsResponseBuilderImpl" sourcefilename="GetRecommendationsResponse.java"/><class name="com/amilesend/tmdb/client/model/tv/series/GetVideosResponse" sourcefilename="GetVideosResponse.java"/><class name="com/amilesend/tmdb/client/model/tv/series/GetListsResponse$GetListsResponseBuilderImpl" sourcefilename="GetListsResponse.java"/><class name="com/amilesend/tmdb/client/model/tv/series/GetKeywordsRequest" sourcefilename="GetKeywordsRequest.java"/><class name="com/amilesend/tmdb/client/model/tv/series/GetEpisodeGroupsRequest$GetEpisodeGroupsRequestBuilderImpl" sourcefilename="GetEpisodeGroupsRequest.java"/><class name="com/amilesend/tmdb/client/model/tv/series/GetAlternativeTitlesRequest$GetAlternativeTitlesRequestBuilderImpl" sourcefilename="GetAlternativeTitlesRequest.java"/><class name="com/amilesend/tmdb/client/model/tv/series/GetImagesRequest" sourcefilename="GetImagesRequest.java"><method name="populateQueryParameters" desc="(Lokhttp3/HttpUrl$Builder;)Lokhttp3/HttpUrl$Builder;" line="49"><counter type="INSTRUCTION" missed="0" covered="22"/><counter type="LINE" missed="0" covered="5"/><counter type="COMPLEXITY" missed="0" covered="1"/><counter type="METHOD" missed="0" covered="1"/></method><counter type="INSTRUCTION" missed="0" covered="22"/><counter type="LINE" missed="0" covered="5"/><counter type="COMPLEXITY" missed="0" covered="1"/><counter type="METHOD" missed="0" covered="1"/><counter type="CLASS" missed="0" covered="1"/></class><class name="com/amilesend/tmdb/client/model/tv/series/DeleteRatingResponse$DeleteRatingResponseBuilder" sourcefilename="DeleteRatingResponse.java"/><class name="com/amilesend/tmdb/client/model/tv/series/GetChangesRequest$GetChangesRequestBuilderImpl" sourcefilename="GetChangesRequest.java"/><class name="com/amilesend/tmdb/client/model/tv/series/AddRatingResponse$AddRatingResponseBuilderImpl" sourcefilename="AddRatingResponse.java"/><class name="com/amilesend/tmdb/client/model/tv/series/GetImagesRequest$GetImagesRequestBuilderImpl" sourcefilename="GetImagesRequest.java"/><class name="com/amilesend/tmdb/client/model/tv/series/GetReviewsRequest$GetReviewsRequestBuilder" sourcefilename="GetReviewsRequest.java"/><class name="com/amilesend/tmdb/client/model/tv/series/GetContentRatingsRequest$GetContentRatingsRequestBuilderImpl" sourcefilename="GetContentRatingsRequest.java"/><class name="com/amilesend/tmdb/client/model/tv/series/AddRatingRequest$AddRatingRequestBuilderImpl" sourcefilename="AddRatingRequest.java"/><class name="com/amilesend/tmdb/client/model/tv/series/GetWatchProvidersRequest" sourcefilename="GetWatchProvidersRequest.java"/><class name="com/amilesend/tmdb/client/model/tv/series/GetKeywordsRequest$GetKeywordsRequestBuilder" sourcefilename="GetKeywordsRequest.java"/><class name="com/amilesend/tmdb/client/model/tv/series/GetEpisodeGroupsResponse$GetEpisodeGroupsResponseBuilder" sourcefilename="GetEpisodeGroupsResponse.java"/><class name="com/amilesend/tmdb/client/model/tv/series/GetSeriesDetailsResponse" sourcefilename="GetSeriesDetailsResponse.java"/><class name="com/amilesend/tmdb/client/model/tv/series/GetSeriesDetailsRequest$GetSeriesDetailsRequestBuilderImpl" sourcefilename="GetSeriesDetailsRequest.java"/><class name="com/amilesend/tmdb/client/model/tv/series/GetChangesResponse$GetChangesResponseBuilder" sourcefilename="GetChangesResponse.java"/><class name="com/amilesend/tmdb/client/model/tv/series/GetAlternativeTitlesRequest" sourcefilename="GetAlternativeTitlesRequest.java"/><class name="com/amilesend/tmdb/client/model/tv/series/DeleteRatingResponse" sourcefilename="DeleteRatingResponse.java"/><class name="com/amilesend/tmdb/client/model/tv/series/GetChangesRequest$GetChangesRequestBuilder" sourcefilename="GetChangesRequest.java"/><class name="com/amilesend/tmdb/client/model/tv/series/GetWatchProvidersResponse" sourcefilename="GetWatchProvidersResponse.java"/><class name="com/amilesend/tmdb/client/model/tv/series/GetWatchProvidersRequest$GetWatchProvidersRequestBuilderImpl" sourcefilename="GetWatchProvidersRequest.java"/><class name="com/amilesend/tmdb/client/model/tv/series/DeleteRatingRequest$DeleteRatingRequestBuilder" sourcefilename="DeleteRatingRequest.java"/><class name="com/amilesend/tmdb/client/model/tv/series/GetSeriesDetailsRequest$GetSeriesDetailsRequestBuilder" sourcefilename="GetSeriesDetailsRequest.java"/><class name="com/amilesend/tmdb/client/model/tv/series/GetCreditsResponse" sourcefilename="GetCreditsResponse.java"/><class name="com/amilesend/tmdb/client/model/tv/series/AddRatingResponse$AddRatingResponseBuilder" sourcefilename="AddRatingResponse.java"/><class name="com/amilesend/tmdb/client/model/tv/series/GetKeywordsResponse$GetKeywordsResponseBuilderImpl" sourcefilename="GetKeywordsResponse.java"/><class name="com/amilesend/tmdb/client/model/tv/series/GetImagesResponse$GetImagesResponseBuilder" sourcefilename="GetImagesResponse.java"/><class name="com/amilesend/tmdb/client/model/tv/series/GetWatchProvidersResponse$GetWatchProvidersResponseBuilderImpl" sourcefilename="GetWatchProvidersResponse.java"/><class name="com/amilesend/tmdb/client/model/tv/series/GetReviewsResponse$GetReviewsResponseBuilderImpl" sourcefilename="GetReviewsResponse.java"/><class name="com/amilesend/tmdb/client/model/tv/series/GetSimilarResponse" sourcefilename="GetSimilarResponse.java"/><class name="com/amilesend/tmdb/client/model/tv/series/GetContentRatingsRequest$GetContentRatingsRequestBuilder" sourcefilename="GetContentRatingsRequest.java"/><class name="com/amilesend/tmdb/client/model/tv/series/GetTranslationsResponse" sourcefilename="GetTranslationsResponse.java"/><class name="com/amilesend/tmdb/client/model/tv/series/GetScreenedTheatricallyResponse" sourcefilename="GetScreenedTheatricallyResponse.java"/><class name="com/amilesend/tmdb/client/model/tv/series/GetScreenedTheatricallyRequest$GetScreenedTheatricallyRequestBuilderImpl" sourcefilename="GetScreenedTheatricallyRequest.java"/><class name="com/amilesend/tmdb/client/model/tv/series/GetAggregateCreditsResponse$GetAggregateCreditsResponseBuilder" sourcefilename="GetAggregateCreditsResponse.java"/><class name="com/amilesend/tmdb/client/model/tv/series/GetReviewsResponse" sourcefilename="GetReviewsResponse.java"/><class name="com/amilesend/tmdb/client/model/tv/series/GetSimilarResponse$GetSimilarResponseBuilder" sourcefilename="GetSimilarResponse.java"/><class name="com/amilesend/tmdb/client/model/tv/series/GetRecommendationsRequest" sourcefilename="GetRecommendationsRequest.java"/><class name="com/amilesend/tmdb/client/model/tv/series/GetContentRatingsResponse" sourcefilename="GetContentRatingsResponse.java"/><class name="com/amilesend/tmdb/client/model/tv/series/GetListsRequest$GetListsRequestBuilderImpl" sourcefilename="GetListsRequest.java"/><class name="com/amilesend/tmdb/client/model/tv/series/GetCreditsRequest$GetCreditsRequestBuilder" sourcefilename="GetCreditsRequest.java"/><class name="com/amilesend/tmdb/client/model/tv/series/GetTranslationsRequest" sourcefilename="GetTranslationsRequest.java"/><class name="com/amilesend/tmdb/client/model/tv/series/GetSimilarRequest" sourcefilename="GetSimilarRequest.java"/><class name="com/amilesend/tmdb/client/model/tv/series/GetListsResponse" sourcefilename="GetListsResponse.java"/><class name="com/amilesend/tmdb/client/model/tv/series/GetCreditsRequest" sourcefilename="GetCreditsRequest.java"><method name="populateQueryParameters" desc="(Lokhttp3/HttpUrl$Builder;)Lokhttp3/HttpUrl$Builder;" line="46"><counter type="INSTRUCTION" missed="0" covered="14"/><counter type="LINE" missed="0" covered="3"/><counter type="COMPLEXITY" missed="0" covered="1"/><counter type="METHOD" missed="0" covered="1"/></method><counter type="INSTRUCTION" missed="0" covered="14"/><counter type="LINE" missed="0" covered="3"/><counter type="COMPLEXITY" missed="0" covered="1"/><counter type="METHOD" missed="0" covered="1"/><counter type="CLASS" missed="0" covered="1"/></class><class name="com/amilesend/tmdb/client/model/tv/series/GetEpisodeGroupsResponse$GetEpisodeGroupsResponseBuilderImpl" sourcefilename="GetEpisodeGroupsResponse.java"/><class name="com/amilesend/tmdb/client/model/tv/series/GetSimilarRequest$GetSimilarRequestBuilderImpl" sourcefilename="GetSimilarRequest.java"/><class name="com/amilesend/tmdb/client/model/tv/series/GetTranslationsResponse$GetTranslationsResponseBuilderImpl" sourcefilename="GetTranslationsResponse.java"/><class name="com/amilesend/tmdb/client/model/tv/series/AddRatingResponse" sourcefilename="AddRatingResponse.java"/><class name="com/amilesend/tmdb/client/model/tv/series/GetTranslationsResponse$GetTranslationsResponseBuilder" sourcefilename="GetTranslationsResponse.java"/><class name="com/amilesend/tmdb/client/model/tv/series/GetVideosResponse$GetVideosResponseBuilder" sourcefilename="GetVideosResponse.java"/><class name="com/amilesend/tmdb/client/model/tv/series/GetEpisodeGroupsRequest" sourcefilename="GetEpisodeGroupsRequest.java"/><sourcefile name="DeleteRatingResponse.java"/><sourcefile name="GetRecommendationsRequest.java"/><sourcefile name="GetCreditsRequest.java"><line nr="46" mi="0" ci="4" mb="0" cb="0"/><line nr="47" mi="0" ci="4" mb="0" cb="0"/><line nr="48" mi="0" ci="6" mb="0" cb="0"/><counter type="INSTRUCTION" missed="0" covered="14"/><counter type="LINE" missed="0" covered="3"/><counter type="COMPLEXITY" missed="0" covered="1"/><counter type="METHOD" missed="0" covered="1"/><counter type="CLASS" missed="0" covered="1"/></sourcefile><sourcefile name="GetContentRatingsRequest.java"/><sourcefile name="GetScreenedTheatricallyResponse.java"/><sourcefile name="GetAggregateCreditsResponse.java"/><sourcefile name="GetTranslationsResponse.java"/><sourcefile name="GetWatchProvidersRequest.java"/><sourcefile name="GetChangesRequest.java"><line nr="45" mi="0" ci="4" mb="0" cb="0"/><line nr="46" mi="1" ci="7" mb="1" cb="1"/><line nr="47" mi="0" ci="4" mb="0" cb="0"/><counter type="INSTRUCTION" missed="1" covered="15"/><counter type="BRANCH" missed="1" covered="1"/><counter type="LINE" missed="0" covered="3"/><counter type="COMPLEXITY" missed="1" covered="1"/><counter type="METHOD" missed="0" covered="1"/><counter type="CLASS" missed="0" covered="1"/></sourcefile><sourcefile name="GetEpisodeGroupsResponse.java"/><sourcefile name="GetAggregateCreditsRequest.java"><line nr="46" mi="0" ci="4" mb="0" cb="0"/><line nr="47" mi="0" ci="4" mb="0" cb="0"/><line nr="48" mi="0" ci="6" mb="0" cb="0"/><counter type="INSTRUCTION" missed="0" covered="14"/><counter type="LINE" missed="0" covered="3"/><counter type="COMPLEXITY" missed="0" covered="1"/><counter type="METHOD" missed="0" covered="1"/><counter type="CLASS" missed="0" covered="1"/></sourcefile><sourcefile name="GetVideosResponse.java"/><sourcefile name="GetSeriesDetailsRequest.java"><line nr="46" mi="0" ci="4" mb="0" cb="0"/><line nr="47" mi="0" ci="4" mb="0" cb="0"/><line nr="48" mi="0" ci="6" mb="0" cb="0"/><counter type="INSTRUCTION" missed="0" covered="14"/><counter type="LINE" missed="0" covered="3"/><counter type="COMPLEXITY" missed="0" covered="1"/><counter type="METHOD" missed="0" covered="1"/><counter type="CLASS" missed="0" covered="1"/></sourcefile><sourcefile name="GetScreenedTheatricallyRequest.java"/><sourcefile name="GetAlternativeTitlesResponse.java"/><sourcefile name="GetContentRatingsResponse.java"/><sourcefile name="GetExternalIdsRequest.java"/><sourcefile name="GetVideosRequest.java"><line nr="49" mi="0" ci="4" mb="0" cb="0"/><line nr="50" mi="0" ci="4" mb="0" cb="0"/><line nr="52" mi="0" ci="6" mb="0" cb="0"/><line nr="53" mi="0" ci="6" mb="0" cb="0"/><line nr="55" mi="0" ci="2" mb="0" cb="0"/><counter type="INSTRUCTION" missed="0" covered="22"/><counter type="LINE" missed="0" covered="5"/><counter type="COMPLEXITY" missed="0" covered="1"/><counter type="METHOD" missed="0" covered="1"/><counter type="CLASS" missed="0" covered="1"/></sourcefile><sourcefile name="GetAccountStatesRequest.java"><line nr="49" mi="0" ci="4" mb="0" cb="0"/><line nr="50" mi="0" ci="4" mb="0" cb="0"/><line nr="52" mi="0" ci="6" mb="0" cb="0"/><line nr="53" mi="0" ci="6" mb="0" cb="0"/><line nr="55" mi="0" ci="2" mb="0" cb="0"/><counter type="INSTRUCTION" missed="0" covered="22"/><counter type="LINE" missed="0" covered="5"/><counter type="COMPLEXITY" missed="0" covered="1"/><counter type="METHOD" missed="0" covered="1"/><counter type="CLASS" missed="0" covered="1"/></sourcefile><sourcefile name="GetImagesResponse.java"/><sourcefile name="GetKeywordsResponse.java"/><sourcefile name="GetEpisodeGroupsRequest.java"/><sourcefile name="GetRecommendationsResponse.java"/><sourcefile name="GetListsResponse.java"/><sourcefile name="GetKeywordsRequest.java"/><sourcefile name="GetTranslationsRequest.java"/><sourcefile name="GetChangesResponse.java"/><sourcefile name="GetWatchProvidersResponse.java"/><sourcefile name="GetExternalIdsResponse.java"/><sourcefile name="GetAccountStatesResponse.java"/><sourcefile name="GetReviewsResponse.java"/><sourcefile name="GetAlternativeTitlesRequest.java"/><sourcefile name="GetImagesRequest.java"><line nr="49" mi="0" ci="4" mb="0" cb="0"/><line nr="50" mi="0" ci="4" mb="0" cb="0"/><line nr="52" mi="0" ci="6" mb="0" cb="0"/><line nr="53" mi="0" ci="6" mb="0" cb="0"/><line nr="55" mi="0" ci="2" mb="0" cb="0"/><counter type="INSTRUCTION" missed="0" covered="22"/><counter type="LINE" missed="0" covered="5"/><counter type="COMPLEXITY" missed="0" covered="1"/><counter type="METHOD" missed="0" covered="1"/><counter type="CLASS" missed="0" covered="1"/></sourcefile><sourcefile name="GetSimilarRequest.java"/><sourcefile name="GetSimilarResponse.java"/><sourcefile name="DeleteRatingRequest.java"><line nr="51" mi="0" ci="4" mb="0" cb="0"/><line nr="52" mi="0" ci="4" mb="0" cb="0"/><line nr="53" mi="0" ci="4" mb="0" cb="0"/><line nr="54" mi="0" ci="4" mb="0" cb="0"/><counter type="INSTRUCTION" missed="0" covered="16"/><counter type="LINE" missed="0" covered="4"/><counter type="COMPLEXITY" missed="0" covered="1"/><counter type="METHOD" missed="0" covered="1"/><counter type="CLASS" missed="0" covered="1"/></sourcefile><sourcefile name="GetReviewsRequest.java"/><sourcefile name="GetListsRequest.java"/><sourcefile name="GetCreditsResponse.java"/><sourcefile name="GetSeriesDetailsResponse.java"/><sourcefile name="AddRatingRequest.java"><line nr="61" mi="0" ci="4" mb="0" cb="0"/><line nr="62" mi="0" ci="4" mb="0" cb="0"/><line nr="63" mi="0" ci="4" mb="0" cb="0"/><line nr="64" mi="0" ci="4" mb="0" cb="0"/><line nr="65" mi="0" ci="2" mb="0" cb="0"/><counter type="INSTRUCTION" missed="0" covered="18"/><counter type="LINE" missed="0" covered="5"/><counter type="COMPLEXITY" missed="0" covered="1"/><counter type="METHOD" missed="0" covered="1"/><counter type="CLASS" missed="0" covered="1"/></sourcefile><sourcefile name="AddRatingResponse.java"/><counter type="INSTRUCTION" missed="1" covered="157"/><counter type="BRANCH" missed="1" covered="1"/><counter type="LINE" missed="0" covered="36"/><counter type="COMPLEXITY" missed="1" covered="9"/><counter type="METHOD" missed="0" covered="9"/><counter type="CLASS" missed="0" covered="9"/></package><package name="com/amilesend/tmdb/client/model/keyword"><class name="com/amilesend/tmdb/client/model/keyword/GetKeywordDetailsRequest" sourcefilename="GetKeywordDetailsRequest.java"><method name="populateQueryParameters" desc="(Lokhttp3/HttpUrl$Builder;)Lokhttp3/HttpUrl$Builder;" line="41"><counter type="INSTRUCTION" missed="1" covered="9"/><counter type="BRANCH" missed="1" covered="1"/><counter type="LINE" missed="0" covered="2"/><counter type="COMPLEXITY" missed="1" covered="1"/><counter type="METHOD" missed="0" covered="1"/></method><counter type="INSTRUCTION" missed="1" covered="9"/><counter type="BRANCH" missed="1" covered="1"/><counter type="LINE" missed="0" covered="2"/><counter type="COMPLEXITY" missed="1" covered="1"/><counter type="METHOD" missed="0" covered="1"/><counter type="CLASS" missed="0" covered="1"/></class><class name="com/amilesend/tmdb/client/model/keyword/GetKeywordDetailsResponse$GetKeywordDetailsResponseBuilderImpl" sourcefilename="GetKeywordDetailsResponse.java"/><class name="com/amilesend/tmdb/client/model/keyword/GetKeywordDetailsResponse" sourcefilename="GetKeywordDetailsResponse.java"/><class name="com/amilesend/tmdb/client/model/keyword/GetKeywordDetailsRequest$GetKeywordDetailsRequestBuilder" sourcefilename="GetKeywordDetailsRequest.java"/><class name="com/amilesend/tmdb/client/model/keyword/GetKeywordDetailsResponse$GetKeywordDetailsResponseBuilder" sourcefilename="GetKeywordDetailsResponse.java"/><sourcefile name="GetKeywordDetailsResponse.java"/><sourcefile name="GetKeywordDetailsRequest.java"><line nr="41" mi="1" ci="7" mb="1" cb="1"/><line nr="42" mi="0" ci="2" mb="0" cb="0"/><counter type="INSTRUCTION" missed="1" covered="9"/><counter type="BRANCH" missed="1" covered="1"/><counter type="LINE" missed="0" covered="2"/><counter type="COMPLEXITY" missed="1" covered="1"/><counter type="METHOD" missed="0" covered="1"/><counter type="CLASS" missed="0" covered="1"/></sourcefile><counter type="INSTRUCTION" missed="1" covered="9"/><counter type="BRANCH" missed="1" covered="1"/><counter type="LINE" missed="0" covered="2"/><counter type="COMPLEXITY" missed="1" covered="1"/><counter type="METHOD" missed="0" covered="1"/><counter type="CLASS" missed="0" covered="1"/></package><package name="com/amilesend/tmdb/client/model/watch/type"><class name="com/amilesend/tmdb/client/model/watch/type/Region$RegionBuilder" sourcefilename="Region.java"/><class name="com/amilesend/tmdb/client/model/watch/type/WatchProvidersResponseBase" sourcefilename="WatchProvidersResponseBase.java"/><class name="com/amilesend/tmdb/client/model/watch/type/WatchProvidersRequestBase$WatchProvidersRequestBaseBuilder" sourcefilename="WatchProvidersRequestBase.java"/><class name="com/amilesend/tmdb/client/model/watch/type/WatchProvidersRequestBase" sourcefilename="WatchProvidersRequestBase.java"><method name="populateQueryParameters" desc="(Lokhttp3/HttpUrl$Builder;)Lokhttp3/HttpUrl$Builder;" line="42"><counter type="INSTRUCTION" missed="0" covered="10"/><counter type="LINE" missed="0" covered="2"/><counter type="COMPLEXITY" missed="0" covered="1"/><counter type="METHOD" missed="0" covered="1"/></method><counter type="INSTRUCTION" missed="0" covered="10"/><counter type="LINE" missed="0" covered="2"/><counter type="COMPLEXITY" missed="0" covered="1"/><counter type="METHOD" missed="0" covered="1"/><counter type="CLASS" missed="0" covered="1"/></class><class name="com/amilesend/tmdb/client/model/watch/type/WatchProvider$WatchProviderBuilderImpl" sourcefilename="WatchProvider.java"/><class name="com/amilesend/tmdb/client/model/watch/type/Region" sourcefilename="Region.java"/><class name="com/amilesend/tmdb/client/model/watch/type/WatchProvidersResponseBase$WatchProvidersResponseBaseBuilderImpl" sourcefilename="WatchProvidersResponseBase.java"/><class name="com/amilesend/tmdb/client/model/watch/type/WatchProvider" sourcefilename="WatchProvider.java"/><class name="com/amilesend/tmdb/client/model/watch/type/WatchProvider$WatchProviderBuilder" sourcefilename="WatchProvider.java"/><class name="com/amilesend/tmdb/client/model/watch/type/WatchProvidersResponseBase$WatchProvidersResponseBaseBuilder" sourcefilename="WatchProvidersResponseBase.java"/><sourcefile name="WatchProvidersResponseBase.java"/><sourcefile name="WatchProvider.java"/><sourcefile name="WatchProvidersRequestBase.java"><line nr="42" mi="0" ci="4" mb="0" cb="0"/><line nr="43" mi="0" ci="6" mb="0" cb="0"/><counter type="INSTRUCTION" missed="0" covered="10"/><counter type="LINE" missed="0" covered="2"/><counter type="COMPLEXITY" missed="0" covered="1"/><counter type="METHOD" missed="0" covered="1"/><counter type="CLASS" missed="0" covered="1"/></sourcefile><sourcefile name="Region.java"/><counter type="INSTRUCTION" missed="0" covered="10"/><counter type="LINE" missed="0" covered="2"/><counter type="COMPLEXITY" missed="0" covered="1"/><counter type="METHOD" missed="0" covered="1"/><counter type="CLASS" missed="0" covered="1"/></package><package name="com/amilesend/tmdb/client/model/credit/type"><class name="com/amilesend/tmdb/client/model/credit/type/Person$PersonBuilderImpl" sourcefilename="Person.java"/><class name="com/amilesend/tmdb/client/model/credit/type/Media$MediaBuilder" sourcefilename="Media.java"/><class name="com/amilesend/tmdb/client/model/credit/type/Media" sourcefilename="Media.java"/><class name="com/amilesend/tmdb/client/model/credit/type/Season$SeasonBuilder" sourcefilename="Season.java"/><class name="com/amilesend/tmdb/client/model/credit/type/Season" sourcefilename="Season.java"/><class name="com/amilesend/tmdb/client/model/credit/type/Person" sourcefilename="Person.java"/><class name="com/amilesend/tmdb/client/model/credit/type/Season$SeasonBuilderImpl" sourcefilename="Season.java"/><class name="com/amilesend/tmdb/client/model/credit/type/Person$PersonBuilder" sourcefilename="Person.java"/><class name="com/amilesend/tmdb/client/model/credit/type/Media$MediaBuilderImpl" sourcefilename="Media.java"/><sourcefile name="Media.java"/><sourcefile name="Season.java"/><sourcefile name="Person.java"/></package><package name="com/amilesend/tmdb/client/model/tv/episodes/type"><class name="com/amilesend/tmdb/client/model/tv/episodes/type/EpisodeRequestBase" sourcefilename="EpisodeRequestBase.java"><method name="populateQueryParameters" desc="(Lokhttp3/HttpUrl$Builder;)Lokhttp3/HttpUrl$Builder;" line="51"><counter type="INSTRUCTION" missed="3" covered="23"/><counter type="BRANCH" missed="3" covered="3"/><counter type="LINE" missed="0" covered="4"/><counter type="COMPLEXITY" missed="3" covered="1"/><counter type="METHOD" missed="0" covered="1"/></method><counter type="INSTRUCTION" missed="3" covered="23"/><counter type="BRANCH" missed="3" covered="3"/><counter type="LINE" missed="0" covered="4"/><counter type="COMPLEXITY" missed="3" covered="1"/><counter type="METHOD" missed="0" covered="1"/><counter type="CLASS" missed="0" covered="1"/></class><class name="com/amilesend/tmdb/client/model/tv/episodes/type/EpisodeRequestBase$EpisodeRequestBaseBuilder" sourcefilename="EpisodeRequestBase.java"/><class name="com/amilesend/tmdb/client/model/tv/episodes/type/TvEpisodeTranslationData" sourcefilename="TvEpisodeTranslationData.java"/><class name="com/amilesend/tmdb/client/model/tv/episodes/type/TvEpisode$TvEpisodeBuilderImpl" sourcefilename="TvEpisode.java"/><class name="com/amilesend/tmdb/client/model/tv/episodes/type/TvEpisode" sourcefilename="TvEpisode.java"/><class name="com/amilesend/tmdb/client/model/tv/episodes/type/EpisodeRequestBase$EpisodeRequestBaseBuilderImpl" sourcefilename="EpisodeRequestBase.java"/><class name="com/amilesend/tmdb/client/model/tv/episodes/type/TvEpisode$TvEpisodeBuilder" sourcefilename="TvEpisode.java"/><class name="com/amilesend/tmdb/client/model/tv/episodes/type/TvEpisodeTranslationData$TvEpisodeTranslationDataBuilder" sourcefilename="TvEpisodeTranslationData.java"/><sourcefile name="EpisodeRequestBase.java"><line nr="51" mi="1" ci="7" mb="1" cb="1"/><line nr="52" mi="1" ci="7" mb="1" cb="1"/><line nr="53" mi="1" ci="7" mb="1" cb="1"/><line nr="54" mi="0" ci="2" mb="0" cb="0"/><counter type="INSTRUCTION" missed="3" covered="23"/><counter type="BRANCH" missed="3" covered="3"/><counter type="LINE" missed="0" covered="4"/><counter type="COMPLEXITY" missed="3" covered="1"/><counter type="METHOD" missed="0" covered="1"/><counter type="CLASS" missed="0" covered="1"/></sourcefile><sourcefile name="TvEpisode.java"/><sourcefile name="TvEpisodeTranslationData.java"/><counter type="INSTRUCTION" missed="3" covered="23"/><counter type="BRANCH" missed="3" covered="3"/><counter type="LINE" missed="0" covered="4"/><counter type="COMPLEXITY" missed="3" covered="1"/><counter type="METHOD" missed="0" covered="1"/><counter type="CLASS" missed="0" covered="1"/></package><package name="com/amilesend/tmdb/client/model/genre"><class name="com/amilesend/tmdb/client/model/genre/GetTvGenresRequest$GetTvGenresRequestBuilderImpl" sourcefilename="GetTvGenresRequest.java"/><class name="com/amilesend/tmdb/client/model/genre/GetMovieGenresRequest$GetMovieGenresRequestBuilderImpl" sourcefilename="GetMovieGenresRequest.java"/><class name="com/amilesend/tmdb/client/model/genre/GetMovieGenresRequest$GetMovieGenresRequestBuilder" sourcefilename="GetMovieGenresRequest.java"/><class name="com/amilesend/tmdb/client/model/genre/GetMovieGenresResponse$GetMovieGenresResponseBuilderImpl" sourcefilename="GetMovieGenresResponse.java"/><class name="com/amilesend/tmdb/client/model/genre/GetTvGenresResponse$GetTvGenresResponseBuilder" sourcefilename="GetTvGenresResponse.java"/><class name="com/amilesend/tmdb/client/model/genre/GetMovieGenresRequest" sourcefilename="GetMovieGenresRequest.java"/><class name="com/amilesend/tmdb/client/model/genre/GetMovieGenresResponse$GetMovieGenresResponseBuilder" sourcefilename="GetMovieGenresResponse.java"/><class name="com/amilesend/tmdb/client/model/genre/GetTvGenresResponse$GetTvGenresResponseBuilderImpl" sourcefilename="GetTvGenresResponse.java"/><class name="com/amilesend/tmdb/client/model/genre/GetTvGenresRequest" sourcefilename="GetTvGenresRequest.java"/><class name="com/amilesend/tmdb/client/model/genre/GetMovieGenresResponse" sourcefilename="GetMovieGenresResponse.java"/><class name="com/amilesend/tmdb/client/model/genre/GetTvGenresRequest$GetTvGenresRequestBuilder" sourcefilename="GetTvGenresRequest.java"/><class name="com/amilesend/tmdb/client/model/genre/GetTvGenresResponse" sourcefilename="GetTvGenresResponse.java"/><sourcefile name="GetTvGenresRequest.java"/><sourcefile name="GetMovieGenresRequest.java"/><sourcefile name="GetTvGenresResponse.java"/><sourcefile name="GetMovieGenresResponse.java"/></package><package name="com/amilesend/tmdb/client/model/credit"><class name="com/amilesend/tmdb/client/model/credit/GetCreditDetailsRequest" sourcefilename="GetCreditDetailsRequest.java"><method name="populateQueryParameters" desc="(Lokhttp3/HttpUrl$Builder;)Lokhttp3/HttpUrl$Builder;" line="41"><counter type="INSTRUCTION" missed="0" covered="6"/><counter type="LINE" missed="0" covered="2"/><counter type="COMPLEXITY" missed="0" covered="1"/><counter type="METHOD" missed="0" covered="1"/></method><counter type="INSTRUCTION" missed="0" covered="6"/><counter type="LINE" missed="0" covered="2"/><counter type="COMPLEXITY" missed="0" covered="1"/><counter type="METHOD" missed="0" covered="1"/><counter type="CLASS" missed="0" covered="1"/></class><class name="com/amilesend/tmdb/client/model/credit/GetCreditDetailsResponse" sourcefilename="GetCreditDetailsResponse.java"/><class name="com/amilesend/tmdb/client/model/credit/GetCreditDetailsResponse$GetCreditDetailsResponseBuilder" sourcefilename="GetCreditDetailsResponse.java"/><class name="com/amilesend/tmdb/client/model/credit/GetCreditDetailsRequest$GetCreditDetailsRequestBuilder" sourcefilename="GetCreditDetailsRequest.java"/><class name="com/amilesend/tmdb/client/model/credit/GetCreditDetailsResponse$GetCreditDetailsResponseBuilderImpl" sourcefilename="GetCreditDetailsResponse.java"/><sourcefile name="GetCreditDetailsRequest.java"><line nr="41" mi="0" ci="4" mb="0" cb="0"/><line nr="42" mi="0" ci="2" mb="0" cb="0"/><counter type="INSTRUCTION" missed="0" covered="6"/><counter type="LINE" missed="0" covered="2"/><counter type="COMPLEXITY" missed="0" covered="1"/><counter type="METHOD" missed="0" covered="1"/><counter type="CLASS" missed="0" covered="1"/></sourcefile><sourcefile name="GetCreditDetailsResponse.java"/><counter type="INSTRUCTION" missed="0" covered="6"/><counter type="LINE" missed="0" covered="2"/><counter type="COMPLEXITY" missed="0" covered="1"/><counter type="METHOD" missed="0" covered="1"/><counter type="CLASS" missed="0" covered="1"/></package><package name="com/amilesend/tmdb/client/model/network/type"><class name="com/amilesend/tmdb/client/model/network/type/NetworksRequestBase" sourcefilename="NetworksRequestBase.java"><method name="populateQueryParameters" desc="(Lokhttp3/HttpUrl$Builder;)Lokhttp3/HttpUrl$Builder;" line="41"><counter type="INSTRUCTION" missed="1" covered="9"/><counter type="BRANCH" missed="1" covered="1"/><counter type="LINE" missed="0" covered="2"/><counter type="COMPLEXITY" missed="1" covered="1"/><counter type="METHOD" missed="0" covered="1"/></method><counter type="INSTRUCTION" missed="1" covered="9"/><counter type="BRANCH" missed="1" covered="1"/><counter type="LINE" missed="0" covered="2"/><counter type="COMPLEXITY" missed="1" covered="1"/><counter type="METHOD" missed="0" covered="1"/><counter type="CLASS" missed="0" covered="1"/></class><class name="com/amilesend/tmdb/client/model/network/type/NetworksRequestBase$NetworksRequestBaseBuilder" sourcefilename="NetworksRequestBase.java"/><class name="com/amilesend/tmdb/client/model/network/type/NetworksRequestBase$NetworksRequestBaseBuilderImpl" sourcefilename="NetworksRequestBase.java"/><sourcefile name="NetworksRequestBase.java"><line nr="41" mi="1" ci="7" mb="1" cb="1"/><line nr="42" mi="0" ci="2" mb="0" cb="0"/><counter type="INSTRUCTION" missed="1" covered="9"/><counter type="BRANCH" missed="1" covered="1"/><counter type="LINE" missed="0" covered="2"/><counter type="COMPLEXITY" missed="1" covered="1"/><counter type="METHOD" missed="0" covered="1"/><counter type="CLASS" missed="0" covered="1"/></sourcefile><counter type="INSTRUCTION" missed="1" covered="9"/><counter type="BRANCH" missed="1" covered="1"/><counter type="LINE" missed="0" covered="2"/><counter type="COMPLEXITY" missed="1" covered="1"/><counter type="METHOD" missed="0" covered="1"/><counter type="CLASS" missed="0" covered="1"/></package><package name="com/amilesend/tmdb/client/model/discover/type"><class name="com/amilesend/tmdb/client/model/discover/type/MonetizationType" sourcefilename="MonetizationType.java"><method name="toString" desc="()Ljava/lang/String;" line="38"><counter type="INSTRUCTION" missed="0" covered="3"/><counter type="LINE" missed="0" covered="1"/><counter type="COMPLEXITY" missed="0" covered="1"/><counter type="METHOD" missed="0" covered="1"/></method><method name="&lt;clinit&gt;" desc="()V" line="24"><counter type="INSTRUCTION" missed="0" covered="38"/><counter type="LINE" missed="0" covered="6"/><counter type="COMPLEXITY" missed="0" covered="1"/><counter type="METHOD" missed="0" covered="1"/></method><counter type="INSTRUCTION" missed="0" covered="41"/><counter type="LINE" missed="0" covered="7"/><counter type="COMPLEXITY" missed="0" covered="2"/><counter type="METHOD" missed="0" covered="2"/><counter type="CLASS" missed="0" covered="1"/></class><class name="com/amilesend/tmdb/client/model/discover/type/TvShow" sourcefilename="TvShow.java"/><class name="com/amilesend/tmdb/client/model/discover/type/MovieReleaseType" sourcefilename="MovieReleaseType.java"><method name="toString" desc="()Ljava/lang/String;" line="50"><counter type="INSTRUCTION" missed="0" covered="14"/><counter type="LINE" missed="0" covered="5"/><counter type="COMPLEXITY" missed="0" covered="1"/><counter type="METHOD" missed="0" covered="1"/></method><method name="&lt;clinit&gt;" desc="()V" line="33"><counter type="INSTRUCTION" missed="0" covered="51"/><counter type="LINE" missed="0" covered="7"/><counter type="COMPLEXITY" missed="0" covered="1"/><counter type="METHOD" missed="0" covered="1"/></method><counter type="INSTRUCTION" missed="0" covered="65"/><counter type="LINE" missed="0" covered="12"/><counter type="COMPLEXITY" missed="0" covered="2"/><counter type="METHOD" missed="0" covered="2"/><counter type="CLASS" missed="0" covered="1"/></class><class name="com/amilesend/tmdb/client/model/discover/type/TvShow$TvShowBuilderImpl" sourcefilename="TvShow.java"/><class name="com/amilesend/tmdb/client/model/discover/type/TvType" sourcefilename="TvType.java"><method name="toString" desc="()Ljava/lang/String;" line="47"><counter type="INSTRUCTION" missed="0" covered="4"/><counter type="LINE" missed="0" covered="1"/><counter type="COMPLEXITY" missed="0" covered="1"/><counter type="METHOD" missed="0" covered="1"/></method><method name="&lt;clinit&gt;" desc="()V" line="31"><counter type="INSTRUCTION" missed="0" covered="52"/><counter type="LINE" missed="0" covered="8"/><counter type="COMPLEXITY" missed="0" covered="1"/><counter type="METHOD" missed="0" covered="1"/></method><counter type="INSTRUCTION" missed="0" covered="56"/><counter type="LINE" missed="0" covered="9"/><counter type="COMPLEXITY" missed="0" covered="2"/><counter type="METHOD" missed="0" covered="2"/><counter type="CLASS" missed="0" covered="1"/></class><class name="com/amilesend/tmdb/client/model/discover/type/SortBy" sourcefilename="SortBy.java"><method name="toString" desc="()Ljava/lang/String;" line="51"><counter type="INSTRUCTION" missed="0" covered="3"/><counter type="LINE" missed="0" covered="1"/><counter type="COMPLEXITY" missed="0" covered="1"/><counter type="METHOD" missed="0" covered="1"/></method><method name="&lt;clinit&gt;" desc="()V" line="28"><counter type="INSTRUCTION" missed="0" covered="101"/><counter type="LINE" missed="0" covered="15"/><counter type="COMPLEXITY" missed="0" covered="1"/><counter type="METHOD" missed="0" covered="1"/></method><counter type="INSTRUCTION" missed="0" covered="104"/><counter type="LINE" missed="0" covered="16"/><counter type="COMPLEXITY" missed="0" covered="2"/><counter type="METHOD" missed="0" covered="2"/><counter type="CLASS" missed="0" covered="1"/></class><class name="com/amilesend/tmdb/client/model/discover/type/DiscoverRequestBase$DiscoverRequestBaseBuilder" sourcefilename="DiscoverRequestBase.java"/><class name="com/amilesend/tmdb/client/model/discover/type/DiscoverRequestBase" sourcefilename="DiscoverRequestBase.java"><method name="populateQueryParameters" desc="(Lokhttp3/HttpUrl$Builder;)Lokhttp3/HttpUrl$Builder;" line="100"><counter type="INSTRUCTION" missed="0" covered="123"/><counter type="BRANCH" missed="0" covered="2"/><counter type="LINE" missed="0" covered="22"/><counter type="COMPLEXITY" missed="0" covered="2"/><counter type="METHOD" missed="0" covered="1"/></method><counter type="INSTRUCTION" missed="0" covered="123"/><counter type="BRANCH" missed="0" covered="2"/><counter type="LINE" missed="0" covered="22"/><counter type="COMPLEXITY" missed="0" covered="2"/><counter type="METHOD" missed="0" covered="1"/><counter type="CLASS" missed="0" covered="1"/></class><class name="com/amilesend/tmdb/client/model/discover/type/TvStatus" sourcefilename="TvStatus.java"><method name="toString" desc="()Ljava/lang/String;" line="46"><counter type="INSTRUCTION" missed="0" covered="4"/><counter type="LINE" missed="0" covered="1"/><counter type="COMPLEXITY" missed="0" covered="1"/><counter type="METHOD" missed="0" covered="1"/></method><method name="&lt;clinit&gt;" desc="()V" line="31"><counter type="INSTRUCTION" missed="0" covered="45"/><counter type="LINE" missed="0" covered="7"/><counter type="COMPLEXITY" missed="0" covered="1"/><counter type="METHOD" missed="0" covered="1"/></method><counter type="INSTRUCTION" missed="0" covered="49"/><counter type="LINE" missed="0" covered="8"/><counter type="COMPLEXITY" missed="0" covered="2"/><counter type="METHOD" missed="0" covered="2"/><counter type="CLASS" missed="0" covered="1"/></class><class name="com/amilesend/tmdb/client/model/discover/type/TvShow$TvShowBuilder" sourcefilename="TvShow.java"/><sourcefile name="MovieReleaseType.java"><line nr="33" mi="0" ci="3" mb="0" cb="0"/><line nr="36" mi="0" ci="8" mb="0" cb="0"/><line nr="37" mi="0" ci="8" mb="0" cb="0"/><line nr="38" mi="0" ci="8" mb="0" cb="0"/><line nr="39" mi="0" ci="8" mb="0" cb="0"/><line nr="40" mi="0" ci="8" mb="0" cb="0"/><line nr="41" mi="0" ci="8" mb="0" cb="0"/><line nr="50" mi="0" ci="7" mb="0" cb="0"/><line nr="51" mi="0" ci="2" mb="0" cb="0"/><line nr="52" mi="0" ci="3" mb="0" cb="0"/><line nr="53" mi="0" ci="1" mb="0" cb="0"/><line nr="54" mi="0" ci="1" mb="0" cb="0"/><counter type="INSTRUCTION" missed="0" covered="65"/><counter type="LINE" missed="0" covered="12"/><counter type="COMPLEXITY" missed="0" covered="2"/><counter type="METHOD" missed="0" covered="2"/><counter type="CLASS" missed="0" covered="1"/></sourcefile><sourcefile name="DiscoverRequestBase.java"><line nr="100" mi="0" ci="4" mb="0" cb="0"/><line nr="101" mi="0" ci="6" mb="0" cb="0"/><line nr="102" mi="0" ci="6" mb="0" cb="0"/><line nr="103" mi="0" ci="6" mb="0" cb="0"/><line nr="104" mi="0" ci="6" mb="0" cb="0"/><line nr="105" mi="0" ci="6" mb="0" cb="0"/><line nr="106" mi="0" ci="6" mb="0" cb="0"/><line nr="107" mi="0" ci="6" mb="0" cb="0"/><line nr="108" mi="0" ci="6" mb="0" cb="0"/><line nr="110" mi="0" ci="4" mb="0" cb="2"/><line nr="111" mi="0" ci="5" mb="0" cb="0"/><line nr="114" mi="0" ci="6" mb="0" cb="0"/><line nr="115" mi="0" ci="6" mb="0" cb="0"/><line nr="116" mi="0" ci="6" mb="0" cb="0"/><line nr="117" mi="0" ci="6" mb="0" cb="0"/><line nr="118" mi="0" ci="6" mb="0" cb="0"/><line nr="119" mi="0" ci="6" mb="0" cb="0"/><line nr="120" mi="0" ci="6" mb="0" cb="0"/><line nr="121" mi="0" ci="6" mb="0" cb="0"/><line nr="122" mi="0" ci="6" mb="0" cb="0"/><line nr="123" mi="0" ci="6" mb="0" cb="0"/><line nr="125" mi="0" ci="2" mb="0" cb="0"/><counter type="INSTRUCTION" missed="0" covered="123"/><counter type="BRANCH" missed="0" covered="2"/><counter type="LINE" missed="0" covered="22"/><counter type="COMPLEXITY" missed="0" covered="2"/><counter type="METHOD" missed="0" covered="1"/><counter type="CLASS" missed="0" covered="1"/></sourcefile><sourcefile name="MonetizationType.java"><line nr="24" mi="0" ci="3" mb="0" cb="0"/><line nr="27" mi="0" ci="7" mb="0" cb="0"/><line nr="28" mi="0" ci="7" mb="0" cb="0"/><line nr="29" mi="0" ci="7" mb="0" cb="0"/><line nr="30" mi="0" ci="7" mb="0" cb="0"/><line nr="31" mi="0" ci="7" mb="0" cb="0"/><line nr="38" mi="0" ci="3" mb="0" cb="0"/><counter type="INSTRUCTION" missed="0" covered="41"/><counter type="LINE" missed="0" covered="7"/><counter type="COMPLEXITY" missed="0" covered="2"/><counter type="METHOD" missed="0" covered="2"/><counter type="CLASS" missed="0" covered="1"/></sourcefile><sourcefile name="TvType.java"><line nr="31" mi="0" ci="3" mb="0" cb="0"/><line nr="34" mi="0" ci="7" mb="0" cb="0"/><line nr="35" mi="0" ci="7" mb="0" cb="0"/><line nr="36" mi="0" ci="7" mb="0" cb="0"/><line nr="37" mi="0" ci="7" mb="0" cb="0"/><line nr="38" mi="0" ci="7" mb="0" cb="0"/><line nr="39" mi="0" ci="7" mb="0" cb="0"/><line nr="40" mi="0" ci="7" mb="0" cb="0"/><line nr="47" mi="0" ci="4" mb="0" cb="0"/><counter type="INSTRUCTION" missed="0" covered="56"/><counter type="LINE" missed="0" covered="9"/><counter type="COMPLEXITY" missed="0" covered="2"/><counter type="METHOD" missed="0" covered="2"/><counter type="CLASS" missed="0" covered="1"/></sourcefile><sourcefile name="SortBy.java"><line nr="28" mi="0" ci="3" mb="0" cb="0"/><line nr="31" mi="0" ci="7" mb="0" cb="0"/><line nr="32" mi="0" ci="7" mb="0" cb="0"/><line nr="33" mi="0" ci="7" mb="0" cb="0"/><line nr="34" mi="0" ci="7" mb="0" cb="0"/><line nr="35" mi="0" ci="7" mb="0" cb="0"/><line nr="36" mi="0" ci="7" mb="0" cb="0"/><line nr="37" mi="0" ci="7" mb="0" cb="0"/><line nr="38" mi="0" ci="7" mb="0" cb="0"/><line nr="39" mi="0" ci="7" mb="0" cb="0"/><line nr="40" mi="0" ci="7" mb="0" cb="0"/><line nr="41" mi="0" ci="7" mb="0" cb="0"/><line nr="42" mi="0" ci="7" mb="0" cb="0"/><line nr="43" mi="0" ci="7" mb="0" cb="0"/><line nr="44" mi="0" ci="7" mb="0" cb="0"/><line nr="51" mi="0" ci="3" mb="0" cb="0"/><counter type="INSTRUCTION" missed="0" covered="104"/><counter type="LINE" missed="0" covered="16"/><counter type="COMPLEXITY" missed="0" covered="2"/><counter type="METHOD" missed="0" covered="2"/><counter type="CLASS" missed="0" covered="1"/></sourcefile><sourcefile name="TvShow.java"/><sourcefile name="TvStatus.java"><line nr="31" mi="0" ci="3" mb="0" cb="0"/><line nr="34" mi="0" ci="7" mb="0" cb="0"/><line nr="35" mi="0" ci="7" mb="0" cb="0"/><line nr="36" mi="0" ci="7" mb="0" cb="0"/><line nr="37" mi="0" ci="7" mb="0" cb="0"/><line nr="38" mi="0" ci="7" mb="0" cb="0"/><line nr="39" mi="0" ci="7" mb="0" cb="0"/><line nr="46" mi="0" ci="4" mb="0" cb="0"/><counter type="INSTRUCTION" missed="0" covered="49"/><counter type="LINE" missed="0" covered="8"/><counter type="COMPLEXITY" missed="0" covered="2"/><counter type="METHOD" missed="0" covered="2"/><counter type="CLASS" missed="0" covered="1"/></sourcefile><counter type="INSTRUCTION" missed="0" covered="438"/><counter type="BRANCH" missed="0" covered="2"/><counter type="LINE" missed="0" covered="74"/><counter type="COMPLEXITY" missed="0" covered="12"/><counter type="METHOD" missed="0" covered="11"/><counter type="CLASS" missed="0" covered="6"/></package><package name="com/amilesend/tmdb/client/model/type"><class name="com/amilesend/tmdb/client/model/type/CrewCredit$CrewCreditBuilder" sourcefilename="CrewCredit.java"/><class name="com/amilesend/tmdb/client/model/type/CastCredit$CastCreditBuilderImpl" sourcefilename="CastCredit.java"/><class name="com/amilesend/tmdb/client/model/type/Change" sourcefilename="Change.java"/><class name="com/amilesend/tmdb/client/model/type/MediaListInfo" sourcefilename="MediaListInfo.java"/><class name="com/amilesend/tmdb/client/model/type/ChangeItem" sourcefilename="ChangeItem.java"/><class name="com/amilesend/tmdb/client/model/type/ChangePoster" sourcefilename="ChangePoster.java"/><class name="com/amilesend/tmdb/client/model/type/ChangesResponseBase" sourcefilename="ChangesResponseBase.java"/><class name="com/amilesend/tmdb/client/model/type/ProductionCountry$ProductionCountryBuilder" sourcefilename="ProductionCountry.java"/><class name="com/amilesend/tmdb/client/model/type/Language" sourcefilename="Language.java"/><class name="com/amilesend/tmdb/client/model/type/Provider" sourcefilename="Provider.java"/><class name="com/amilesend/tmdb/client/model/type/WatchProviderResult" sourcefilename="WatchProviderResult.java"/><class name="com/amilesend/tmdb/client/model/type/Provider$ProviderBuilderImpl" sourcefilename="Provider.java"/><class name="com/amilesend/tmdb/client/model/type/AccountStatesResponseBase$AccountStatesResponseBaseBuilder" sourcefilename="AccountStatesResponseBase.java"/><class name="com/amilesend/tmdb/client/model/type/Video" sourcefilename="Video.java"/><class name="com/amilesend/tmdb/client/model/type/Person$PersonBuilder" sourcefilename="Person.java"/><class name="com/amilesend/tmdb/client/model/type/ChangesResponseBase$ChangesResponseBaseBuilderImpl" sourcefilename="ChangesResponseBase.java"/><class name="com/amilesend/tmdb/client/model/type/ChangePoster$ChangePosterBuilder" sourcefilename="ChangePoster.java"/><class name="com/amilesend/tmdb/client/model/type/Person" sourcefilename="Person.java"/><class name="com/amilesend/tmdb/client/model/type/Keyword$KeywordBuilder" sourcefilename="Keyword.java"/><class name="com/amilesend/tmdb/client/model/type/AlternativeTitle" sourcefilename="AlternativeTitle.java"/><class name="com/amilesend/tmdb/client/model/type/Translation" sourcefilename="Translation.java"/><class name="com/amilesend/tmdb/client/model/type/CrewCredit" sourcefilename="CrewCredit.java"/><class name="com/amilesend/tmdb/client/model/type/ChangesRequestBase$ChangesRequestBaseBuilder" sourcefilename="ChangesRequestBase.java"/><class name="com/amilesend/tmdb/client/model/type/Translation$TranslationBuilder" sourcefilename="Translation.java"/><class name="com/amilesend/tmdb/client/model/type/Review" sourcefilename="Review.java"/><class name="com/amilesend/tmdb/client/model/type/Person$PersonBuilderImpl" sourcefilename="Person.java"/><class name="com/amilesend/tmdb/client/model/type/ChangeItem$ChangeItemBuilderImpl" sourcefilename="ChangeItem.java"/><class name="com/amilesend/tmdb/client/model/type/ProductionCountry" sourcefilename="ProductionCountry.java"/><class name="com/amilesend/tmdb/client/model/type/Video$VideoBuilder" sourcefilename="Video.java"/><class name="com/amilesend/tmdb/client/model/type/Genre" sourcefilename="Genre.java"/><class name="com/amilesend/tmdb/client/model/type/WatchProviderResult$WatchProviderResultBuilder" sourcefilename="WatchProviderResult.java"/><class name="com/amilesend/tmdb/client/model/type/MediaListInfo$MediaListInfoBuilderImpl" sourcefilename="MediaListInfo.java"/><class name="com/amilesend/tmdb/client/model/type/CrewCredit$CrewCreditBuilderImpl" sourcefilename="CrewCredit.java"/><class name="com/amilesend/tmdb/client/model/type/Image" sourcefilename="Image.java"/><class name="com/amilesend/tmdb/client/model/type/AlternateName$AlternateNameBuilder" sourcefilename="AlternateName.java"/><class name="com/amilesend/tmdb/client/model/type/AuthorDetails" sourcefilename="AuthorDetails.java"/><class name="com/amilesend/tmdb/client/model/type/AccountStatesResponseBase" sourcefilename="AccountStatesResponseBase.java"/><class name="com/amilesend/tmdb/client/model/type/CastCredit" sourcefilename="CastCredit.java"/><class name="com/amilesend/tmdb/client/model/type/Review$ReviewBuilderImpl" sourcefilename="Review.ja
[...]
va"/><class name="com/amilesend/tmdb/client/model/list/AddMovieRequest" sourcefilename="AddMovieRequest.java"><method name="populateQueryParameters" desc="(Lokhttp3/HttpUrl$Builder;)Lokhttp3/HttpUrl$Builder;" line="47"><counter type="INSTRUCTION" missed="1" covered="15"/><counter type="BRANCH" missed="1" covered="1"/><counter type="LINE" missed="0" covered="3"/><counter type="COMPLEXITY" missed="1" covered="1"/><counter type="METHOD" missed="0" covered="1"/></method><counter type="INSTRUCTION" missed="1" covered="15"/><counter type="BRANCH" missed="1" covered="1"/><counter type="LINE" missed="0" covered="3"/><counter type="COMPLEXITY" missed="1" covered="1"/><counter type="METHOD" missed="0" covered="1"/><counter type="CLASS" missed="0" covered="1"/></class><class name="com/amilesend/tmdb/client/model/list/RemoveMovieRequest$RemoveMovieRequestBuilder" sourcefilename="RemoveMovieRequest.java"/><class name="com/amilesend/tmdb/client/model/list/GetListDetailsResponse$GetListDetailsResponseBuilderImpl" sourcefilename="GetListDetailsResponse.java"/><class name="com/amilesend/tmdb/client/model/list/CreateListRequest$CreateListRequestBuilder" sourcefilename="CreateListRequest.java"/><class name="com/amilesend/tmdb/client/model/list/ClearListRequest" sourcefilename="ClearListRequest.java"><method name="populateQueryParameters" desc="(Lokhttp3/HttpUrl$Builder;)Lokhttp3/HttpUrl$Builder;" line="47"><counter type="INSTRUCTION" missed="0" covered="13"/><counter type="LINE" missed="0" covered="3"/><counter type="COMPLEXITY" missed="0" covered="1"/><counter type="METHOD" missed="0" covered="1"/></method><counter type="INSTRUCTION" missed="0" covered="13"/><counter type="LINE" missed="0" covered="3"/><counter type="COMPLEXITY" missed="0" covered="1"/><counter type="METHOD" missed="0" covered="1"/><counter type="CLASS" missed="0" covered="1"/></class><class name="com/amilesend/tmdb/client/model/list/AddMovieResponse$AddMovieResponseBuilder" sourcefilename="AddMovieResponse.java"/><class name="com/amilesend/tmdb/client/model/list/DeleteListRequest$DeleteListRequestBuilder" sourcefilename="DeleteListRequest.java"/><class name="com/amilesend/tmdb/client/model/list/AddMovieRequest$AddMovieRequestBuilder" sourcefilename="AddMovieRequest.java"/><class name="com/amilesend/tmdb/client/model/list/ClearListResponse$ClearListResponseBuilder" sourcefilename="ClearListResponse.java"/><class name="com/amilesend/tmdb/client/model/list/DeleteListResponse" sourcefilename="DeleteListResponse.java"/><class name="com/amilesend/tmdb/client/model/list/DeleteListResponse$DeleteListResponseBuilderImpl" sourcefilename="DeleteListResponse.java"/><class name="com/amilesend/tmdb/client/model/list/GetListDetailsResponse" sourcefilename="GetListDetailsResponse.java"/><class name="com/amilesend/tmdb/client/model/list/DeleteListRequest$DeleteListRequestBuilderImpl" sourcefilename="DeleteListRequest.java"/><class name="com/amilesend/tmdb/client/model/list/ClearListRequest$ClearListRequestBuilder" sourcefilename="ClearListRequest.java"/><class name="com/amilesend/tmdb/client/model/list/CheckItemStatusResponse$CheckItemStatusResponseBuilderImpl" sourcefilename="CheckItemStatusResponse.java"/><class name="com/amilesend/tmdb/client/model/list/CreateListResponse" sourcefilename="CreateListResponse.java"/><class name="com/amilesend/tmdb/client/model/list/RemoveMovieRequest" sourcefilename="RemoveMovieRequest.java"><method name="populateQueryParameters" desc="(Lokhttp3/HttpUrl$Builder;)Lokhttp3/HttpUrl$Builder;" line="47"><counter type="INSTRUCTION" missed="1" covered="15"/><counter type="BRANCH" missed="1" covered="1"/><counter type="LINE" missed="0" covered="3"/><counter type="COMPLEXITY" missed="1" covered="1"/><counter type="METHOD" missed="0" covered="1"/></method><counter type="INSTRUCTION" missed="1" covered="15"/><counter type="BRANCH" missed="1" covered="1"/><counter type="LINE" missed="0" covered="3"/><counter type="COMPLEXITY" missed="1" covered="1"/><counter type="METHOD" missed="0" covered="1"/><counter type="CLASS" missed="0" covered="1"/></class><class name="com/amilesend/tmdb/client/model/list/CheckItemStatusRequest$CheckItemStatusRequestBuilder" sourcefilename="CheckItemStatusRequest.java"/><class name="com/amilesend/tmdb/client/model/list/DeleteListRequest" sourcefilename="DeleteListRequest.java"/><class name="com/amilesend/tmdb/client/model/list/CreateListRequest" sourcefilename="CreateListRequest.java"><method name="populateQueryParameters" desc="(Lokhttp3/HttpUrl$Builder;)Lokhttp3/HttpUrl$Builder;" line="58"><counter type="INSTRUCTION" missed="0" covered="28"/><counter type="LINE" missed="0" covered="6"/><counter type="COMPLEXITY" missed="0" covered="1"/><counter type="METHOD" missed="0" covered="1"/></method><counter type="INSTRUCTION" missed="0" covered="28"/><counter type="LINE" missed="0" covered="6"/><counter type="COMPLEXITY" missed="0" covered="1"/><counter type="METHOD" missed="0" covered="1"/><counter type="CLASS" missed="0" covered="1"/></class><class name="com/amilesend/tmdb/client/model/list/RemoveMovieResponse" sourcefilename="RemoveMovieResponse.java"/><sourcefile name="CreateListResponse.java"/><sourcefile name="CheckItemStatusResponse.java"/><sourcefile name="ClearListResponse.java"/><sourcefile name="RemoveMovieResponse.java"/><sourcefile name="DeleteListRequest.java"/><sourcefile name="GetListDetailsRequest.java"><line nr="51" mi="0" ci="4" mb="0" cb="0"/><line nr="52" mi="1" ci="7" mb="1" cb="1"/><line nr="54" mi="0" ci="6" mb="0" cb="0"/><line nr="55" mi="0" ci="6" mb="0" cb="0"/><line nr="57" mi="0" ci="2" mb="0" cb="0"/><counter type="INSTRUCTION" missed="1" covered="25"/><counter type="BRANCH" missed="1" covered="1"/><counter type="LINE" missed="0" covered="5"/><counter type="COMPLEXITY" missed="1" covered="1"/><counter type="METHOD" missed="0" covered="1"/><counter type="CLASS" missed="0" covered="1"/></sourcefile><sourcefile name="CreateListRequest.java"><line nr="58" mi="0" ci="4" mb="0" cb="0"/><line nr="59" mi="0" ci="4" mb="0" cb="0"/><line nr="60" mi="0" ci="4" mb="0" cb="0"/><line nr="61" mi="0" ci="4" mb="0" cb="0"/><line nr="62" mi="0" ci="4" mb="0" cb="0"/><line nr="64" mi="0" ci="8" mb="0" cb="0"/><counter type="INSTRUCTION" missed="0" covered="28"/><counter type="LINE" missed="0" covered="6"/><counter type="COMPLEXITY" missed="0" covered="1"/><counter type="METHOD" missed="0" covered="1"/><counter type="CLASS" missed="0" covered="1"/></sourcefile><sourcefile name="ClearListRequest.java"><line nr="47" mi="0" ci="4" mb="0" cb="0"/><line nr="48" mi="0" ci="7" mb="0" cb="0"/><line nr="49" mi="0" ci="2" mb="0" cb="0"/><counter type="INSTRUCTION" missed="0" covered="13"/><counter type="LINE" missed="0" covered="3"/><counter type="COMPLEXITY" missed="0" covered="1"/><counter type="METHOD" missed="0" covered="1"/><counter type="CLASS" missed="0" covered="1"/></sourcefile><sourcefile name="AddMovieRequest.java"><line nr="47" mi="0" ci="4" mb="0" cb="0"/><line nr="48" mi="1" ci="7" mb="1" cb="1"/><line nr="49" mi="0" ci="4" mb="0" cb="0"/><counter type="INSTRUCTION" missed="1" covered="15"/><counter type="BRANCH" missed="1" covered="1"/><counter type="LINE" missed="0" covered="3"/><counter type="COMPLEXITY" missed="1" covered="1"/><counter type="METHOD" missed="0" covered="1"/><counter type="CLASS" missed="0" covered="1"/></sourcefile><sourcefile name="GetListDetailsResponse.java"/><sourcefile name="AddMovieResponse.java"/><sourcefile name="CheckItemStatusRequest.java"><line nr="50" mi="0" ci="4" mb="0" cb="0"/><line nr="51" mi="0" ci="4" mb="0" cb="0"/><line nr="53" mi="0" ci="6" mb="0" cb="0"/><line nr="54" mi="0" ci="6" mb="0" cb="0"/><line nr="56" mi="0" ci="2" mb="0" cb="0"/><counter type="INSTRUCTION" missed="0" covered="22"/><counter type="LINE" missed="0" covered="5"/><counter type="COMPLEXITY" missed="0" covered="1"/><counter type="METHOD" missed="0" covered="1"/><counter type="CLASS" missed="0" covered="1"/></sourcefile><sourcefile name="DeleteListResponse.java"/><sourcefile name="RemoveMovieRequest.java"><line nr="47" mi="0" ci="4" mb="0" cb="0"/><line nr="48" mi="1" ci="7" mb="1" cb="1"/><line nr="49" mi="0" ci="4" mb="0" cb="0"/><counter type="INSTRUCTION" missed="1" covered="15"/><counter type="BRANCH" missed="1" covered="1"/><counter type="LINE" missed="0" covered="3"/><counter type="COMPLEXITY" missed="1" covered="1"/><counter type="METHOD" missed="0" covered="1"/><counter type="CLASS" missed="0" covered="1"/></sourcefile><counter type="INSTRUCTION" missed="3" covered="118"/><counter type="BRANCH" missed="3" covered="3"/><counter type="LINE" missed="0" covered="25"/><counter type="COMPLEXITY" missed="3" covered="6"/><counter type="METHOD" missed="0" covered="6"/><counter type="CLASS" missed="0" covered="6"/></package><package name="com/amilesend/tmdb/client/model/people/lists"><class name="com/amilesend/tmdb/client/model/people/lists/GetPopularPersonsResponse" sourcefilename="GetPopularPersonsResponse.java"/><class name="com/amilesend/tmdb/client/model/people/lists/GetPopularPersonsResponse$GetPopularPersonsResponseBuilderImpl" sourcefilename="GetPopularPersonsResponse.java"/><class name="com/amilesend/tmdb/client/model/people/lists/GetPopularPersonsResponse$GetPopularPersonsResponseBuilder" sourcefilename="GetPopularPersonsResponse.java"/><class name="com/amilesend/tmdb/client/model/people/lists/GetPopularPersonsRequest" sourcefilename="GetPopularPersonsRequest.java"><method name="populateQueryParameters" desc="(Lokhttp3/HttpUrl$Builder;)Lokhttp3/HttpUrl$Builder;" line="46"><counter type="INSTRUCTION" missed="0" covered="18"/><counter type="LINE" missed="0" covered="4"/><counter type="COMPLEXITY" missed="0" covered="1"/><counter type="METHOD" missed="0" covered="1"/></method><counter type="INSTRUCTION" missed="0" covered="18"/><counter type="LINE" missed="0" covered="4"/><counter type="COMPLEXITY" missed="0" covered="1"/><counter type="METHOD" missed="0" covered="1"/><counter type="CLASS" missed="0" covered="1"/></class><class name="com/amilesend/tmdb/client/model/people/lists/GetPopularPersonsRequest$GetPopularPersonsRequestBuilder" sourcefilename="GetPopularPersonsRequest.java"/><sourcefile name="GetPopularPersonsResponse.java"/><sourcefile name="GetPopularPersonsRequest.java"><line nr="46" mi="0" ci="4" mb="0" cb="0"/><line nr="47" mi="0" ci="6" mb="0" cb="0"/><line nr="48" mi="0" ci="6" mb="0" cb="0"/><line nr="50" mi="0" ci="2" mb="0" cb="0"/><counter type="INSTRUCTION" missed="0" covered="18"/><counter type="LINE" missed="0" covered="4"/><counter type="COMPLEXITY" missed="0" covered="1"/><counter type="METHOD" missed="0" covered="1"/><counter type="CLASS" missed="0" covered="1"/></sourcefile><counter type="INSTRUCTION" missed="0" covered="18"/><counter type="LINE" missed="0" covered="4"/><counter type="COMPLEXITY" missed="0" covered="1"/><counter type="METHOD" missed="0" covered="1"/><counter type="CLASS" missed="0" covered="1"/></package><package name="com/amilesend/tmdb/client/model/find/type"><class name="com/amilesend/tmdb/client/model/find/type/TvEpisodeSearchResult$TvEpisodeSearchResultBuilderImpl" sourcefilename="TvEpisodeSearchResult.java"/><class name="com/amilesend/tmdb/client/model/find/type/TvSeasonSearchResult$TvSeasonSearchResultBuilderImpl" sourcefilename="TvSeasonSearchResult.java"/><class name="com/amilesend/tmdb/client/model/find/type/TvEpisodeSearchResult" sourcefilename="TvEpisodeSearchResult.java"/><class name="com/amilesend/tmdb/client/model/find/type/ExternalSource" sourcefilename="ExternalSource.java"><method name="toString" desc="()Ljava/lang/String;" line="61"><counter type="INSTRUCTION" missed="3" covered="0"/><counter type="LINE" missed="1" covered="0"/><counter type="COMPLEXITY" missed="1" covered="0"/><counter type="METHOD" missed="1" covered="0"/></method><method name="&lt;clinit&gt;" desc="()V" line="26"><counter type="INSTRUCTION" missed="0" covered="77"/><counter type="LINE" missed="0" covered="10"/><counter type="COMPLEXITY" missed="0" covered="1"/><counter type="METHOD" missed="0" covered="1"/></method><counter type="INSTRUCTION" missed="3" covered="77"/><counter type="LINE" missed="1" covered="10"/><counter type="COMPLEXITY" missed="1" covered="1"/><counter type="METHOD" missed="1" covered="1"/><counter type="CLASS" missed="0" covered="1"/></class><class name="com/amilesend/tmdb/client/model/find/type/TvSeasonSearchResult" sourcefilename="TvSeasonSearchResult.java"/><class name="com/amilesend/tmdb/client/model/find/type/TvSeasonSearchResult$TvSeasonSearchResultBuilder" sourcefilename="TvSeasonSearchResult.java"/><class name="com/amilesend/tmdb/client/model/find/type/TvEpisodeSearchResult$TvEpisodeSearchResultBuilder" sourcefilename="TvEpisodeSearchResult.java"/><sourcefile name="TvSeasonSearchResult.java"/><sourcefile name="ExternalSource.java"><line nr="26" mi="0" ci="2" mb="0" cb="0"/><line nr="30" mi="0" ci="7" mb="0" cb="0"/><line nr="32" mi="0" ci="7" mb="0" cb="0"/><line nr="34" mi="0" ci="7" mb="0" cb="0"/><line nr="36" mi="0" ci="7" mb="0" cb="0"/><line nr="38" mi="0" ci="7" mb="0" cb="0"/><line nr="40" mi="0" ci="7" mb="0" cb="0"/><line nr="42" mi="0" ci="7" mb="0" cb="0"/><line nr="44" mi="0" ci="7" mb="0" cb="0"/><line nr="46" mi="0" ci="19" mb="0" cb="0"/><line nr="61" mi="3" ci="0" mb="0" cb="0"/><counter type="INSTRUCTION" missed="3" covered="77"/><counter type="LINE" missed="1" covered="10"/><counter type="COMPLEXITY" missed="1" covered="1"/><counter type="METHOD" missed="1" covered="1"/><counter type="CLASS" missed="0" covered="1"/></sourcefile><sourcefile name="TvEpisodeSearchResult.java"/><counter type="INSTRUCTION" missed="3" covered="77"/><counter type="LINE" missed="1" covered="10"/><counter type="COMPLEXITY" missed="1" covered="1"/><counter type="METHOD" missed="1" covered="1"/><counter type="CLASS" missed="0" covered="1"/></package><package name="com/amilesend/tmdb/client/model/collection"><class name="com/amilesend/tmdb/client/model/collection/GetTranslationsResponse" sourcefilename="GetTranslationsResponse.java"/><class name="com/amilesend/tmdb/client/model/collection/GetCollectionDetailsRequest" sourcefilename="GetCollectionDetailsRequest.java"><method name="populateQueryParameters" desc="(Lokhttp3/HttpUrl$Builder;)Lokhttp3/HttpUrl$Builder;" line="46"><counter type="INSTRUCTION" missed="0" covered="12"/><counter type="LINE" missed="0" covered="3"/><counter type="COMPLEXITY" missed="0" covered="1"/><counter type="METHOD" missed="0" covered="1"/></method><counter type="INSTRUCTION" missed="0" covered="12"/><counter type="LINE" missed="0" covered="3"/><counter type="COMPLEXITY" missed="0" covered="1"/><counter type="METHOD" missed="0" covered="1"/><counter type="CLASS" missed="0" covered="1"/></class><class name="com/amilesend/tmdb/client/model/collection/GetCollectionImagesResponse$GetCollectionImagesResponseBuilderImpl" sourcefilename="GetCollectionImagesResponse.java"/><class name="com/amilesend/tmdb/client/model/collection/GetCollectionDetailsResponse" sourcefilename="GetCollectionDetailsResponse.java"/><class name="com/amilesend/tmdb/client/model/collection/GetCollectionImagesRequest$GetCollectionImagesRequestBuilder" sourcefilename="GetCollectionImagesRequest.java"/><class name="com/amilesend/tmdb/client/model/collection/GetCollectionImagesResponse$GetCollectionImagesResponseBuilder" sourcefilename="GetCollectionImagesResponse.java"/><class name="com/amilesend/tmdb/client/model/collection/GetCollectionImagesRequest" sourcefilename="GetCollectionImagesRequest.java"><method name="populateQueryParameters" desc="(Lokhttp3/HttpUrl$Builder;)Lokhttp3/HttpUrl$Builder;" line="49"><counter type="INSTRUCTION" missed="0" covered="20"/><counter type="LINE" missed="0" covered="5"/><counter type="COMPLEXITY" missed="0" covered="1"/><counter type="METHOD" missed="0" covered="1"/></method><counter type="INSTRUCTION" missed="0" covered="20"/><counter type="LINE" missed="0" covered="5"/><counter type="COMPLEXITY" missed="0" covered="1"/><counter type="METHOD" missed="0" covered="1"/><counter type="CLASS" missed="0" covered="1"/></class><class name="com/amilesend/tmdb/client/model/collection/GetCollectionDetailsResponse$GetCollectionDetailsResponseBuilder" sourcefilename="GetCollectionDetailsResponse.java"/><class name="com/amilesend/tmdb/client/model/collection/GetTranslationsResponse$GetTranslationsResponseBuilderImpl" sourcefilename="GetTranslationsResponse.java"/><class name="com/amilesend/tmdb/client/model/collection/GetCollectionImagesResponse" sourcefilename="GetCollectionImagesResponse.java"/><class name="com/amilesend/tmdb/client/model/collection/GetTranslationsRequest" sourcefilename="GetTranslationsRequest.java"><method name="populateQueryParameters" desc="(Lokhttp3/HttpUrl$Builder;)Lokhttp3/HttpUrl$Builder;" line="40"><counter type="INSTRUCTION" missed="0" covered="4"/><counter type="LINE" missed="0" covered="2"/><counter type="COMPLEXITY" missed="0" covered="1"/><counter type="METHOD" missed="0" covered="1"/></method><counter type="INSTRUCTION" missed="0" covered="4"/><counter type="LINE" missed="0" covered="2"/><counter type="COMPLEXITY" missed="0" covered="1"/><counter type="METHOD" missed="0" covered="1"/><counter type="CLASS" missed="0" covered="1"/></class><class name="com/amilesend/tmdb/client/model/collection/GetTranslationsRequest$GetTranslationsRequestBuilder" sourcefilename="GetTranslationsRequest.java"/><class name="com/amilesend/tmdb/client/model/collection/GetCollectionDetailsResponse$GetCollectionDetailsResponseBuilderImpl" sourcefilename="GetCollectionDetailsResponse.java"/><class name="com/amilesend/tmdb/client/model/collection/GetTranslationsResponse$GetTranslationsResponseBuilder" sourcefilename="GetTranslationsResponse.java"/><class name="com/amilesend/tmdb/client/model/collection/GetCollectionDetailsRequest$GetCollectionDetailsRequestBuilder" sourcefilename="GetCollectionDetailsRequest.java"/><sourcefile name="GetTranslationsResponse.java"/><sourcefile name="GetTranslationsRequest.java"><line nr="40" mi="0" ci="2" mb="0" cb="0"/><line nr="41" mi="0" ci="2" mb="0" cb="0"/><counter type="INSTRUCTION" missed="0" covered="4"/><counter type="LINE" missed="0" covered="2"/><counter type="COMPLEXITY" missed="0" covered="1"/><counter type="METHOD" missed="0" covered="1"/><counter type="CLASS" missed="0" covered="1"/></sourcefile><sourcefile name="GetCollectionDetailsResponse.java"/><sourcefile name="GetCollectionImagesRequest.java"><line nr="49" mi="0" ci="4" mb="0" cb="0"/><line nr="50" mi="0" ci="2" mb="0" cb="0"/><line nr="52" mi="0" ci="6" mb="0" cb="0"/><line nr="53" mi="0" ci="6" mb="0" cb="0"/><line nr="55" mi="0" ci="2" mb="0" cb="0"/><counter type="INSTRUCTION" missed="0" covered="20"/><counter type="LINE" missed="0" covered="5"/><counter type="COMPLEXITY" missed="0" covered="1"/><counter type="METHOD" missed="0" covered="1"/><counter type="CLASS" missed="0" covered="1"/></sourcefile><sourcefile name="GetCollectionDetailsRequest.java"><line nr="46" mi="0" ci="4" mb="0" cb="0"/><line nr="47" mi="0" ci="2" mb="0" cb="0"/><line nr="48" mi="0" ci="6" mb="0" cb="0"/><counter type="INSTRUCTION" missed="0" covered="12"/><counter type="LINE" missed="0" covered="3"/><counter type="COMPLEXITY" missed="0" covered="1"/><counter type="METHOD" missed="0" covered="1"/><counter type="CLASS" missed="0" covered="1"/></sourcefile><sourcefile name="GetCollectionImagesResponse.java"/><counter type="INSTRUCTION" missed="0" covered="36"/><counter type="LINE" missed="0" covered="10"/><counter type="COMPLEXITY" missed="0" covered="3"/><counter type="METHOD" missed="0" covered="3"/><counter type="CLASS" missed="0" covered="3"/></package><counter type="INSTRUCTION" missed="280" covered="6159"/><counter type="BRANCH" missed="56" covered="109"/><counter type="LINE" missed="68" covered="1366"/><counter type="COMPLEXITY" missed="68" covered="457"/><counter type="METHOD" missed="18" covered="423"/><counter type="CLASS" missed="2" covered="160"/></report>